=========================================
 SY-1000FloorBoard Deploy
=========================================
Logging to: /Users/bsewell/010 MUSIC STUDIO /SY-1000/docs/logs/deploy-20260305-192708.log

--- Step 0: Generate Makefile with Qt5 qmake ---
Project MESSAGE: X-Code LIBRARIES SHOULD BE INSTALLED or ERROR will Occur
Project MESSAGE: Please install the X-Code Audio System packages if not present
Project MESSAGE: Including Mac OS X specific headers and sources...
qmake OK

--- Step 1: Build ---
make: Nothing to be done for `first'.
Build OK

--- Step 2: macdeployqt (bundle Qt frameworks) ---
macdeployqt OK

--- Step 3: Bottom-up codesign ---
  Signing frameworks...
/Users/bsewell/010 MUSIC STUDIO /SY-1000/packager/SY-1000FloorBoard.app/Contents/Frameworks/QtCore.framework: replacing existing signature
/Users/bsewell/010 MUSIC STUDIO /SY-1000/packager/SY-1000FloorBoard.app/Contents/Frameworks/QtDBus.framework: replacing existing signature
/Users/bsewell/010 MUSIC STUDIO /SY-1000/packager/SY-1000FloorBoard.app/Contents/Frameworks/QtGui.framework: replacing existing signature
/Users/bsewell/010 MUSIC STUDIO /SY-1000/packager/SY-1000FloorBoard.app/Contents/Frameworks/QtPrintSupport.framework: replacing existing signature
/Users/bsewell/010 MUSIC STUDIO /SY-1000/packager/SY-1000FloorBoard.app/Contents/Frameworks/QtWidgets.framework: replacing existing signature
/Users/bsewell/010 MUSIC STUDIO /SY-1000/packager/SY-1000FloorBoard.app/Contents/Frameworks/QtXml.framework: replacing existing signature
/Users/bsewell/010 MUSIC STUDIO /SY-1000/packager/SY-1000FloorBoard.app/Contents/Frameworks/libfreetype.6.dylib: replacing existing signature
/Users/bsewell/010 MUSIC STUDIO /SY-1000/packager/SY-1000FloorBoard.app/Contents/Frameworks/libglib-2.0.0.dylib: replacing existing signature
/Users/bsewell/010 MUSIC STUDIO /SY-1000/packager/SY-1000FloorBoard.app/Contents/Frameworks/libgthread-2.0.0.dylib: replacing existing signature
/Users/bsewell/010 MUSIC STUDIO /SY-1000/packager/SY-1000FloorBoard.app/Contents/Frameworks/libintl.8.dylib: replacing existing signature
/Users/bsewell/010 MUSIC STUDIO /SY-1000/packager/SY-1000FloorBoard.app/Contents/Frameworks/libmd4c.0.dylib: replacing existing signature
/Users/bsewell/010 MUSIC STUDIO /SY-1000/packager/SY-1000FloorBoard.app/Contents/Frameworks/libpcre2-16.0.dylib: replacing existing signature
/Users/bsewell/010 MUSIC STUDIO /SY-1000/packager/SY-1000FloorBoard.app/Contents/Frameworks/libpcre2-8.0.dylib: replacing existing signature
/Users/bsewell/010 MUSIC STUDIO /SY-1000/packager/SY-1000FloorBoard.app/Contents/Frameworks/libpng16.16.dylib: replacing existing signature
/Users/bsewell/010 MUSIC STUDIO /SY-1000/packager/SY-1000FloorBoard.app/Contents/Frameworks/libzstd.1.dylib: replacing existing signature
  Signing plugins...
/Users/bsewell/010 MUSIC STUDIO /SY-1000/packager/SY-1000FloorBoard.app/Contents/PlugIns/imageformats/libqgif.dylib: replacing existing signature
/Users/bsewell/010 MUSIC STUDIO /SY-1000/packager/SY-1000FloorBoard.app/Contents/PlugIns/imageformats/libqicns.dylib: replacing existing signature
/Users/bsewell/010 MUSIC STUDIO /SY-1000/packager/SY-1000FloorBoard.app/Contents/PlugIns/platforms/libqcocoa.dylib: replacing existing signature
/Users/bsewell/010 MUSIC STUDIO /SY-1000/packager/SY-1000FloorBoard.app/Contents/PlugIns/printsupport/libcocoaprintersupport.dylib: replacing existing signature
/Users/bsewell/010 MUSIC STUDIO /SY-1000/packager/SY-1000FloorBoard.app/Contents/PlugIns/styles/libqmacstyle.dylib: replacing existing signature
  Signing executable...
/Users/bsewell/010 MUSIC STUDIO /SY-1000/packager/SY-1000FloorBoard.app/Contents/MacOS/SY-1000FloorBoard: replacing existing signature
  Signing app bundle...
/Users/bsewell/010 MUSIC STUDIO /SY-1000/packager/SY-1000FloorBoard.app: replacing existing signature
  Verifying signature...
/Users/bsewell/010 MUSIC STUDIO /SY-1000/packager/SY-1000FloorBoard.app: invalid signature (code or signature have been modified)
In subcomponent: /Users/bsewell/010 MUSIC STUDIO /SY-1000/packager/SY-1000FloorBoard.app/Contents/Frameworks/libpcre2-16.0.dylib
In architecture: arm64
  Signature INVALID — aborting
