=========================================
 SY-1000FloorBoard Deploy
=========================================
Logging to: /Users/bsewell/010 MUSIC STUDIO /SY-1000/docs/logs/deploy-20260305-190845.log

--- Step 0: Generate Makefile with Qt5 qmake ---
Project MESSAGE: X-Code LIBRARIES SHOULD BE INSTALLED or ERROR will Occur
Project MESSAGE: Please install the X-Code Audio System packages if not present
Project MESSAGE: Including Mac OS X specific headers and sources...
qmake OK

--- Step 1: Build ---
/Applications/Xcode.app/Contents/Developer/Toolchains/XcodeDefault.xctoolchain/usr/bin/clang++ -stdlib=libc++ -headerpad_max_install_names  -arch arm64 -isysroot /Applications/Xcode.app/Contents/Developer/Platforms/MacOSX.platform/Developer/SDKs/MacOSX26.2.sdk -mmacosx-version-min=10.13 -Wl,-rpath,@executable_path/../Frameworks -o packager/SY-1000FloorBoard.app/Contents/MacOS/SY-1000FloorBoard release/editPage.o release/editWindow.o release/main.o release/mainWindow.o release/bankTreeList.o release/bulkEditDialog.o release/bulkLoadDialog.o release/bulkSaveDialog.o release/customButton.o release/customControlParaEQ.o release/customControlKnob.o release/customControlDataKnob.o release/customControlLabel.o release/customControlListMenu.o release/customControlMidiTable.o release/customControlRange.o release/customControlSpinBox.o release/customControlSwitch.o release/customControlTabMenu.o release/customControlTarget.o release/customControlVU.o release/customDial.o release/customDisplay.o release/customParaEQGraph.o release/customKnob.o release/customDataKnob.o release/customKnobTarget.o release/customKnobRange.o release/customLabelDisplay.o release/customLed.o release/customLogo.o release/customMeter.o release/customMultiComboBox.o release/customPanelButton.o release/customRangeDial.o release/customRenameDialog.o release/customRenameWidget.o release/customSlider.o release/customSplashScreen.o release/customStructure.o release/customSwitch.o release/customSwitch3way.o release/customSystemOverride.o release/customTargetDial.o release/customTargetListMenu.o release/customVU.o release/dragBar.o release/fileDialog.o release/floorBoard.o release/floorBoardDisplay.o release/floorPanelBar.o release/floorPanelBarButton.o release/initPatchListMenu.o release/menuPage.o release/menuPage_assign1.o release/menuPage_master.o release/menuPage_pdl.o release/menuPage_setup.o release/menuPage_system.o release/menuPage_tuner.o release/patchWriteDialog.o release/notesDialog.o release/renameDialog.o release/renameWidget.o release/RtMidi.o release/statusBarSymbol.o release/statusBarWidget.o release/soundSource_inst1.o release/soundSource_inst2.o release/soundSource_inst3.o release/soundSource_normal.o release/stompBox.o release/stompbox_amp.o release/stompbox_balancer1.o release/stompbox_balancer2.o release/stompbox_balancer3.o release/stompbox_branch_AB.o release/stompbox_ce.o release/stompbox_cs.o release/stompbox_dd1.o release/stompbox_dd2.o release/stompbox_dd3.o release/stompbox_divider.o release/stompbox_ds.o release/stompbox_eq1.o release/stompbox_eq2.o release/stompbox_fx1.o release/stompbox_fx2.o release/stompbox_fx3.o release/stompbox_fv1.o release/stompbox_fv2.o release/stompbox_lp.o release/stompbox_main_out_left.o release/stompbox_main_out_right.o release/stompbox_main_out_stereo.o release/stompbox_master.o release/stompbox_mixer.o release/stompbox_ns.o release/stompbox_rv.o release/stompbox_split.o release/stompbox_sub_out_left.o release/stompbox_sub_out_right.o release/stompbox_sub_out_stereo.o release/summaryDialog.o release/summaryDialogPatchList.o release/summaryDialogSystem.o release/midiIO.o release/midiIODestroyer.o release/MidiTable.o release/MidiTableDestroyer.o release/Preferences.o release/PreferencesDestroyer.o release/preferencesDialog.o release/preferencesPages.o release/SysxIO.o release/SysxIODestroyer.o release/sysxWriter.o release/tsl_SY300_translation.o release/tsl_GP10_translation.o release/tsl_GT1000_translation.o release/tsl_VG99_VB99_translation.o release/xmlwriter.o release/qrc_SY-1000FloorBoard.o release/moc_editPage.o release/moc_editWindow.o release/moc_mainWindow.o release/moc_bankTreeList.o release/moc_bulkEditDialog.o release/moc_bulkLoadDialog.o release/moc_bulkSaveDialog.o release/moc_customButton.o release/moc_customControlParaEQ.o release/moc_customControlKnob.o release/moc_customControlDataKnob.o release/moc_customControlRange.o release/moc_customControlLabel.o release/moc_customControlListMenu.o release/moc_customControlMidiTable.o release/moc_customControlSpinBox.o release/moc_customControlSwitch.o release/moc_customControlTabMenu.o release/moc_customControlTarget.o release/moc_customControlVU.o release/moc_customDial.o release/moc_customDisplay.o release/moc_customParaEQGraph.o release/moc_customKnob.o release/moc_customDataKnob.o release/moc_customKnobTarget.o release/moc_customKnobRange.o release/moc_customLabelDisplay.o release/moc_customLed.o release/moc_customLogo.o release/moc_customMeter.o release/moc_customMultiComboBox.o release/moc_customPanelButton.o release/moc_customRangeDial.o release/moc_customRenameDialog.o release/moc_customRenameWidget.o release/moc_customSlider.o release/moc_customStructure.o release/moc_customSwitch.o release/moc_customSwitch3way.o release/moc_customSystemOverride.o release/moc_customTargetDial.o release/moc_customTargetListMenu.o release/moc_customVU.o release/moc_dragBar.o release/moc_fileDialog.o release/moc_floorBoard.o release/moc_floorBoardDisplay.o release/moc_floorPanelBar.o release/moc_floorPanelBarButton.o release/moc_initPatchListMenu.o release/moc_menuPage.o release/moc_menuPage_assign1.o release/moc_menuPage_master.o release/moc_menuPage_pdl.o release/moc_menuPage_setup.o release/moc_menuPage_system.o release/moc_menuPage_tuner.o release/moc_notesDialog.o release/moc_patchWriteDialog.o release/moc_renameDialog.o release/moc_renameWidget.o release/moc_statusBarSymbol.o release/moc_statusBarWidget.o release/moc_soundSource_inst1.o release/moc_soundSource_inst2.o release/moc_soundSource_inst3.o release/moc_soundSource_normal.o release/moc_stompBox.o release/moc_stompbox_amp.o release/moc_stompbox_balancer1.o release/moc_stompbox_balancer2.o release/moc_stompbox_balancer3.o release/moc_stompbox_branch_AB.o release/moc_stompbox_ce.o release/moc_stompbox_cs.o release/moc_stompbox_dd1.o release/moc_stompbox_dd2.o release/moc_stompbox_dd3.o release/moc_stompbox_divider.o release/moc_stompbox_ds.o release/moc_stompbox_eq1.o release/moc_stompbox_eq2.o release/moc_stompbox_fx1.o release/moc_stompbox_fx2.o release/moc_stompbox_fx3.o release/moc_stompbox_fv1.o release/moc_stompbox_fv2.o release/moc_stompbox_lp.o release/moc_stompbox_main_out_left.o release/moc_stompbox_main_out_right.o release/moc_stompbox_main_out_stereo.o release/moc_stompbox_master.o release/moc_stompbox_mixer.o release/moc_stompbox_ns.o release/moc_stompbox_rv.o release/moc_stompbox_split.o release/moc_stompbox_sub_out_left.o release/moc_stompbox_sub_out_right.o release/moc_stompbox_sub_out_stereo.o release/moc_midiIO.o release/moc_summaryDialog.o release/moc_summaryDialogPatchList.o release/moc_summaryDialogSystem.o release/moc_SysxIO.o release/moc_tsl_SY300_translation.o release/moc_tsl_GP10_translation.o release/moc_tsl_GT1000_translation.o release/moc_tsl_VG99_VB99_translation.o release/moc_preferencesDialog.o release/moc_preferencesPages.o   -F/opt/homebrew/Cellar/qt@5/5.15.18/lib -framework CoreMidi -framework CoreAudio -framework CoreFoundation -framework QtPrintSupport -framework QtWidgets -framework QtGui -framework AppKit -framework Metal -framework QtXml -framework QtCore -framework DiskArbitration -framework IOKit -framework OpenGL   
ld: warning: object file (/Users/bsewell/010 MUSIC STUDIO /SY-1000/release/editPage.o) was built for newer 'macOS' version (14.0) than being linked (11.0)
ld: warning: object file (/Users/bsewell/010 MUSIC STUDIO /SY-1000/release/editWindow.o) was built for newer 'macOS' version (14.0) than being linked (11.0)
ld: warning: object file (/Users/bsewell/010 MUSIC STUDIO /SY-1000/release/mainWindow.o) was built for newer 'macOS' version (14.0) than being linked (11.0)
ld: warning: object file (/Users/bsewell/010 MUSIC STUDIO /SY-1000/release/bankTreeList.o) was built for newer 'macOS' version (14.0) than being linked (11.0)
ld: warning: object file (/Users/bsewell/010 MUSIC STUDIO /SY-1000/release/bulkEditDialog.o) was built for newer 'macOS' version (14.0) than being linked (11.0)
ld: warning: object file (/Users/bsewell/010 MUSIC STUDIO /SY-1000/release/bulkLoadDialog.o) was built for newer 'macOS' version (14.0) than being linked (11.0)
ld: warning: object file (/Users/bsewell/010 MUSIC STUDIO /SY-1000/release/bulkSaveDialog.o) was built for newer 'macOS' version (14.0) than being linked (11.0)
ld: warning: object file (/Users/bsewell/010 MUSIC STUDIO /SY-1000/release/customButton.o) was built for newer 'macOS' version (14.0) than being linked (11.0)
ld: warning: object file (/Users/bsewell/010 MUSIC STUDIO /SY-1000/release/customControlParaEQ.o) was built for newer 'macOS' version (14.0) than being linked (11.0)
ld: warning: object file (/Users/bsewell/010 MUSIC STUDIO /SY-1000/release/customControlKnob.o) was built for newer 'macOS' version (14.0) than being linked (11.0)
ld: warning: object file (/Users/bsewell/010 MUSIC STUDIO /SY-1000/release/customControlDataKnob.o) was built for newer 'macOS' version (14.0) than being linked (11.0)
ld: warning: object file (/Users/bsewell/010 MUSIC STUDIO /SY-1000/release/customControlLabel.o) was built for newer 'macOS' version (14.0) than being linked (11.0)
ld: warning: object file (/Users/bsewell/010 MUSIC STUDIO /SY-1000/release/customControlListMenu.o) was built for newer 'macOS' version (14.0) than being linked (11.0)
ld: warning: object file (/Users/bsewell/010 MUSIC STUDIO /SY-1000/release/customControlMidiTable.o) was built for newer 'macOS' version (14.0) than being linked (11.0)
ld: warning: object file (/Users/bsewell/010 MUSIC STUDIO /SY-1000/release/customControlRange.o) was built for newer 'macOS' version (14.0) than being linked (11.0)
ld: warning: object file (/Users/bsewell/010 MUSIC STUDIO /SY-1000/release/customControlSpinBox.o) was built for newer 'macOS' version (14.0) than being linked (11.0)
ld: warning: object file (/Users/bsewell/010 MUSIC STUDIO /SY-1000/release/customControlSwitch.o) was built for newer 'macOS' version (14.0) than being linked (11.0)
ld: warning: object file (/Users/bsewell/010 MUSIC STUDIO /SY-1000/release/customControlTabMenu.o) was built for newer 'macOS' version (14.0) than being linked (11.0)
ld: warning: object file (/Users/bsewell/010 MUSIC STUDIO /SY-1000/release/customControlTarget.o) was built for newer 'macOS' version (14.0) than being linked (11.0)
ld: warning: object file (/Users/bsewell/010 MUSIC STUDIO /SY-1000/release/customControlVU.o) was built for newer 'macOS' version (14.0) than being linked (11.0)
ld: warning: object file (/Users/bsewell/010 MUSIC STUDIO /SY-1000/release/customDial.o) was built for newer 'macOS' version (14.0) than being linked (11.0)
ld: warning: object file (/Users/bsewell/010 MUSIC STUDIO /SY-1000/release/customDisplay.o) was built for newer 'macOS' version (14.0) than being linked (11.0)
ld: warning: object file (/Users/bsewell/010 MUSIC STUDIO /SY-1000/release/customParaEQGraph.o) was built for newer 'macOS' version (14.0) than being linked (11.0)
ld: warning: object file (/Users/bsewell/010 MUSIC STUDIO /SY-1000/release/customKnob.o) was built for newer 'macOS' version (14.0) than being linked (11.0)
ld: warning: object file (/Users/bsewell/010 MUSIC STUDIO /SY-1000/release/customDataKnob.o) was built for newer 'macOS' version (14.0) than being linked (11.0)
ld: warning: object file (/Users/bsewell/010 MUSIC STUDIO /SY-1000/release/customKnobTarget.o) was built for newer 'macOS' version (14.0) than being linked (11.0)
ld: warning: object file (/Users/bsewell/010 MUSIC STUDIO /SY-1000/release/customKnobRange.o) was built for newer 'macOS' version (14.0) than being linked (11.0)
ld: warning: object file (/Users/bsewell/010 MUSIC STUDIO /SY-1000/release/customLabelDisplay.o) was built for newer 'macOS' version (14.0) than being linked (11.0)
ld: warning: object file (/Users/bsewell/010 MUSIC STUDIO /SY-1000/release/customLed.o) was built for newer 'macOS' version (14.0) than being linked (11.0)
ld: warning: object file (/Users/bsewell/010 MUSIC STUDIO /SY-1000/release/customLogo.o) was built for newer 'macOS' version (14.0) than being linked (11.0)
ld: warning: object file (/Users/bsewell/010 MUSIC STUDIO /SY-1000/release/customMeter.o) was built for newer 'macOS' version (14.0) than being linked (11.0)
ld: warning: object file (/Users/bsewell/010 MUSIC STUDIO /SY-1000/release/customMultiComboBox.o) was built for newer 'macOS' version (14.0) than being linked (11.0)
ld: warning: object file (/Users/bsewell/010 MUSIC STUDIO /SY-1000/release/customPanelButton.o) was built for newer 'macOS' version (14.0) than being linked (11.0)
ld: warning: object file (/Users/bsewell/010 MUSIC STUDIO /SY-1000/release/customRangeDial.o) was built for newer 'macOS' version (14.0) than being linked (11.0)
ld: warning: object file (/Users/bsewell/010 MUSIC STUDIO /SY-1000/release/customRenameDialog.o) was built for newer 'macOS' version (14.0) than being linked (11.0)
ld: warning: object file (/Users/bsewell/010 MUSIC STUDIO /SY-1000/release/customRenameWidget.o) was built for newer 'macOS' version (14.0) than being linked (11.0)
ld: warning: object file (/Users/bsewell/010 MUSIC STUDIO /SY-1000/release/customSlider.o) was built for newer 'macOS' version (14.0) than being linked (11.0)
ld: warning: object file (/Users/bsewell/010 MUSIC STUDIO /SY-1000/release/customSplashScreen.o) was built for newer 'macOS' version (14.0) than being linked (11.0)
ld: warning: object file (/Users/bsewell/010 MUSIC STUDIO /SY-1000/release/customStructure.o) was built for newer 'macOS' version (14.0) than being linked (11.0)
ld: warning: object file (/Users/bsewell/010 MUSIC STUDIO /SY-1000/release/customSwitch.o) was built for newer 'macOS' version (14.0) than being linked (11.0)
ld: warning: object file (/Users/bsewell/010 MUSIC STUDIO /SY-1000/release/customSwitch3way.o) was built for newer 'macOS' version (14.0) than being linked (11.0)
ld: warning: object file (/Users/bsewell/010 MUSIC STUDIO /SY-1000/release/customSystemOverride.o) was built for newer 'macOS' version (14.0) than being linked (11.0)
ld: warning: object file (/Users/bsewell/010 MUSIC STUDIO /SY-1000/release/customTargetDial.o) was built for newer 'macOS' version (14.0) than being linked (11.0)
ld: warning: object file (/Users/bsewell/010 MUSIC STUDIO /SY-1000/release/customTargetListMenu.o) was built for newer 'macOS' version (14.0) than being linked (11.0)
ld: warning: object file (/Users/bsewell/010 MUSIC STUDIO /SY-1000/release/customVU.o) was built for newer 'macOS' version (14.0) than being linked (11.0)
ld: warning: object file (/Users/bsewell/010 MUSIC STUDIO /SY-1000/release/dragBar.o) was built for newer 'macOS' version (14.0) than being linked (11.0)
ld: warning: object file (/Users/bsewell/010 MUSIC STUDIO /SY-1000/release/fileDialog.o) was built for newer 'macOS' version (14.0) than being linked (11.0)
ld: warning: object file (/Users/bsewell/010 MUSIC STUDIO /SY-1000/release/floorBoard.o) was built for newer 'macOS' version (14.0) than being linked (11.0)
ld: warning: object file (/Users/bsewell/010 MUSIC STUDIO /SY-1000/release/floorBoardDisplay.o) was built for newer 'macOS' version (14.0) than being linked (11.0)
ld: warning: object file (/Users/bsewell/010 MUSIC STUDIO /SY-1000/release/floorPanelBar.o) was built for newer 'macOS' version (14.0) than being linked (11.0)
ld: warning: object file (/Users/bsewell/010 MUSIC STUDIO /SY-1000/release/floorPanelBarButton.o) was built for newer 'macOS' version (14.0) than being linked (11.0)
ld: warning: object file (/Users/bsewell/010 MUSIC STUDIO /SY-1000/release/initPatchListMenu.o) was built for newer 'macOS' version (14.0) than being linked (11.0)
ld: warning: object file (/Users/bsewell/010 MUSIC STUDIO /SY-1000/release/menuPage.o) was built for newer 'macOS' version (14.0) than being linked (11.0)
ld: warning: object file (/Users/bsewell/010 MUSIC STUDIO /SY-1000/release/menuPage_assign1.o) was built for newer 'macOS' version (14.0) than being linked (11.0)
ld: warning: object file (/Users/bsewell/010 MUSIC STUDIO /SY-1000/release/menuPage_master.o) was built for newer 'macOS' version (14.0) than being linked (11.0)
ld: warning: object file (/Users/bsewell/010 MUSIC STUDIO /SY-1000/release/menuPage_pdl.o) was built for newer 'macOS' version (14.0) than being linked (11.0)
ld: warning: object file (/Users/bsewell/010 MUSIC STUDIO /SY-1000/release/menuPage_setup.o) was built for newer 'macOS' version (14.0) than being linked (11.0)
ld: warning: object file (/Users/bsewell/010 MUSIC STUDIO /SY-1000/release/menuPage_system.o) was built for newer 'macOS' version (14.0) than being linked (11.0)
ld: warning: object file (/Users/bsewell/010 MUSIC STUDIO /SY-1000/release/menuPage_tuner.o) was built for newer 'macOS' version (14.0) than being linked (11.0)
ld: warning: object file (/Users/bsewell/010 MUSIC STUDIO /SY-1000/release/patchWriteDialog.o) was built for newer 'macOS' version (14.0) than being linked (11.0)
ld: warning: object file (/Users/bsewell/010 MUSIC STUDIO /SY-1000/release/notesDialog.o) was built for newer 'macOS' version (14.0) than being linked (11.0)
ld: warning: object file (/Users/bsewell/010 MUSIC STUDIO /SY-1000/release/renameDialog.o) was built for newer 'macOS' version (14.0) than being linked (11.0)
ld: warning: object file (/Users/bsewell/010 MUSIC STUDIO /SY-1000/release/renameWidget.o) was built for newer 'macOS' version (14.0) than being linked (11.0)
ld: warning: object file (/Users/bsewell/010 MUSIC STUDIO /SY-1000/release/RtMidi.o) was built for newer 'macOS' version (14.0) than being linked (11.0)
ld: warning: object file (/Users/bsewell/010 MUSIC STUDIO /SY-1000/release/statusBarSymbol.o) was built for newer 'macOS' version (14.0) than being linked (11.0)
ld: warning: object file (/Users/bsewell/010 MUSIC STUDIO /SY-1000/release/statusBarWidget.o) was built for newer 'macOS' version (14.0) than being linked (11.0)
ld: warning: object file (/Users/bsewell/010 MUSIC STUDIO /SY-1000/release/soundSource_inst1.o) was built for newer 'macOS' version (14.0) than being linked (11.0)
ld: warning: object file (/Users/bsewell/010 MUSIC STUDIO /SY-1000/release/soundSource_inst2.o) was built for newer 'macOS' version (14.0) than being linked (11.0)
ld: warning: object file (/Users/bsewell/010 MUSIC STUDIO /SY-1000/release/soundSource_inst3.o) was built for newer 'macOS' version (14.0) than being linked (11.0)
ld: warning: object file (/Users/bsewell/010 MUSIC STUDIO /SY-1000/release/soundSource_normal.o) was built for newer 'macOS' version (14.0) than being linked (11.0)
ld: warning: object file (/Users/bsewell/010 MUSIC STUDIO /SY-1000/release/stompbox_amp.o) was built for newer 'macOS' version (14.0) than being linked (11.0)
ld: warning: object file (/Users/bsewell/010 MUSIC STUDIO /SY-1000/release/stompbox_balancer1.o) was built for newer 'macOS' version (14.0) than being linked (11.0)
ld: warning: object file (/Users/bsewell/010 MUSIC STUDIO /SY-1000/release/stompbox_balancer2.o) was built for newer 'macOS' version (14.0) than being linked (11.0)
ld: warning: object file (/Users/bsewell/010 MUSIC STUDIO /SY-1000/release/stompbox_balancer3.o) was built for newer 'macOS' version (14.0) than being linked (11.0)
ld: warning: object file (/Users/bsewell/010 MUSIC STUDIO /SY-1000/release/stompbox_branch_AB.o) was built for newer 'macOS' version (14.0) than being linked (11.0)
ld: warning: object file (/Users/bsewell/010 MUSIC STUDIO /SY-1000/release/stompbox_ce.o) was built for newer 'macOS' version (14.0) than being linked (11.0)
ld: warning: object file (/Users/bsewell/010 MUSIC STUDIO /SY-1000/release/stompbox_cs.o) was built for newer 'macOS' version (14.0) than being linked (11.0)
ld: warning: object file (/Users/bsewell/010 MUSIC STUDIO /SY-1000/release/stompbox_dd1.o) was built for newer 'macOS' version (14.0) than being linked (11.0)
ld: warning: object file (/Users/bsewell/010 MUSIC STUDIO /SY-1000/release/stompbox_dd2.o) was built for newer 'macOS' version (14.0) than being linked (11.0)
ld: warning: object file (/Users/bsewell/010 MUSIC STUDIO /SY-1000/release/stompbox_dd3.o) was built for newer 'macOS' version (14.0) than being linked (11.0)
ld: warning: object file (/Users/bsewell/010 MUSIC STUDIO /SY-1000/release/stompbox_divider.o) was built for newer 'macOS' version (14.0) than being linked (11.0)
ld: warning: object file (/Users/bsewell/010 MUSIC STUDIO /SY-1000/release/stompbox_ds.o) was built for newer 'macOS' version (14.0) than being linked (11.0)
ld: warning: object file (/Users/bsewell/010 MUSIC STUDIO /SY-1000/release/stompbox_eq1.o) was built for newer 'macOS' version (14.0) than being linked (11.0)
ld: warning: object file (/Users/bsewell/010 MUSIC STUDIO /SY-1000/release/stompbox_eq2.o) was built for newer 'macOS' version (14.0) than being linked (11.0)
ld: warning: object file (/Users/bsewell/010 MUSIC STUDIO /SY-1000/release/stompbox_fx1.o) was built for newer 'macOS' version (14.0) than being linked (11.0)
ld: warning: object file (/Users/bsewell/010 MUSIC STUDIO /SY-1000/release/stompbox_fx2.o) was built for newer 'macOS' version (14.0) than being linked (11.0)
ld: warning: object file (/Users/bsewell/010 MUSIC STUDIO /SY-1000/release/stompbox_fx3.o) was built for newer 'macOS' version (14.0) than being linked (11.0)
ld: warning: object file (/Users/bsewell/010 MUSIC STUDIO /SY-1000/release/stompbox_fv1.o) was built for newer 'macOS' version (14.0) than being linked (11.0)
ld: warning: object file (/Users/bsewell/010 MUSIC STUDIO /SY-1000/release/stompbox_fv2.o) was built for newer 'macOS' version (14.0) than being linked (11.0)
ld: warning: object file (/Users/bsewell/010 MUSIC STUDIO /SY-1000/release/stompbox_lp.o) was built for newer 'macOS' version (14.0) than being linked (11.0)
ld: warning: object file (/Users/bsewell/010 MUSIC STUDIO /SY-1000/release/stompbox_main_out_left.o) was built for newer 'macOS' version (14.0) than being linked (11.0)
ld: warning: object file (/Users/bsewell/010 MUSIC STUDIO /SY-1000/release/stompbox_main_out_right.o) was built for newer 'macOS' version (14.0) than being linked (11.0)
ld: warning: object file (/Users/bsewell/010 MUSIC STUDIO /SY-1000/release/stompbox_main_out_stereo.o) was built for newer 'macOS' version (14.0) than being linked (11.0)
ld: warning: object file (/Users/bsewell/010 MUSIC STUDIO /SY-1000/release/stompbox_master.o) was built for newer 'macOS' version (14.0) than being linked (11.0)
ld: warning: object file (/Users/bsewell/010 MUSIC STUDIO /SY-1000/release/stompbox_mixer.o) was built for newer 'macOS' version (14.0) than being linked (11.0)
ld: warning: object file (/Users/bsewell/010 MUSIC STUDIO /SY-1000/release/stompbox_ns.o) was built for newer 'macOS' version (14.0) than being linked (11.0)
ld: warning: object file (/Users/bsewell/010 MUSIC STUDIO /SY-1000/release/stompbox_rv.o) was built for newer 'macOS' version (14.0) than being linked (11.0)
ld: warning: object file (/Users/bsewell/010 MUSIC STUDIO /SY-1000/release/stompbox_split.o) was built for newer 'macOS' version (14.0) than being linked (11.0)
ld: warning: object file (/Users/bsewell/010 MUSIC STUDIO /SY-1000/release/stompbox_sub_out_left.o) was built for newer 'macOS' version (14.0) than being linked (11.0)
ld: warning: object file (/Users/bsewell/010 MUSIC STUDIO /SY-1000/release/stompbox_sub_out_right.o) was built for newer 'macOS' version (14.0) than being linked (11.0)
ld: warning: object file (/Users/bsewell/010 MUSIC STUDIO /SY-1000/release/stompbox_sub_out_stereo.o) was built for newer 'macOS' version (14.0) than being linked (11.0)
ld: warning: object file (/Users/bsewell/010 MUSIC STUDIO /SY-1000/release/summaryDialog.o) was built for newer 'macOS' version (14.0) than being linked (11.0)
ld: warning: object file (/Users/bsewell/010 MUSIC STUDIO /SY-1000/release/summaryDialogPatchList.o) was built for newer 'macOS' version (14.0) than being linked (11.0)
ld: warning: object file (/Users/bsewell/010 MUSIC STUDIO /SY-1000/release/summaryDialogSystem.o) was built for newer 'macOS' version (14.0) than being linked (11.0)
ld: warning: object file (/Users/bsewell/010 MUSIC STUDIO /SY-1000/release/midiIO.o) was built for newer 'macOS' version (14.0) than being linked (11.0)
ld: warning: object file (/Users/bsewell/010 MUSIC STUDIO /SY-1000/release/midiIODestroyer.o) was built for newer 'macOS' version (14.0) than being linked (11.0)
ld: warning: object file (/Users/bsewell/010 MUSIC STUDIO /SY-1000/release/MidiTable.o) was built for newer 'macOS' version (14.0) than being linked (11.0)
ld: warning: object file (/Users/bsewell/010 MUSIC STUDIO /SY-1000/release/MidiTableDestroyer.o) was built for newer 'macOS' version (14.0) than being linked (11.0)
ld: warning: object file (/Users/bsewell/010 MUSIC STUDIO /SY-1000/release/Preferences.o) was built for newer 'macOS' version (14.0) than being linked (11.0)
ld: warning: object file (/Users/bsewell/010 MUSIC STUDIO /SY-1000/release/PreferencesDestroyer.o) was built for newer 'macOS' version (14.0) than being linked (11.0)
ld: warning: object file (/Users/bsewell/010 MUSIC STUDIO /SY-1000/release/preferencesDialog.o) was built for newer 'macOS' version (14.0) than being linked (11.0)
ld: warning: object file (/Users/bsewell/010 MUSIC STUDIO /SY-1000/release/preferencesPages.o) was built for newer 'macOS' version (14.0) than being linked (11.0)
ld: warning: object file (/Users/bsewell/010 MUSIC STUDIO /SY-1000/release/SysxIO.o) was built for newer 'macOS' version (14.0) than being linked (11.0)
ld: warning: object file (/Users/bsewell/010 MUSIC STUDIO /SY-1000/release/SysxIODestroyer.o) was built for newer 'macOS' version (14.0) than being linked (11.0)
ld: warning: object file (/Users/bsewell/010 MUSIC STUDIO /SY-1000/release/sysxWriter.o) was built for newer 'macOS' version (14.0) than being linked (11.0)
ld: warning: object file (/Users/bsewell/010 MUSIC STUDIO /SY-1000/release/tsl_SY300_translation.o) was built for newer 'macOS' version (14.0) than being linked (11.0)
ld: warning: object file (/Users/bsewell/010 MUSIC STUDIO /SY-1000/release/tsl_GP10_translation.o) was built for newer 'macOS' version (14.0) than being linked (11.0)
ld: warning: object file (/Users/bsewell/010 MUSIC STUDIO /SY-1000/release/tsl_GT1000_translation.o) was built for newer 'macOS' version (14.0) than being linked (11.0)
ld: warning: object file (/Users/bsewell/010 MUSIC STUDIO /SY-1000/release/tsl_VG99_VB99_translation.o) was built for newer 'macOS' version (14.0) than being linked (11.0)
ld: warning: object file (/Users/bsewell/010 MUSIC STUDIO /SY-1000/release/xmlwriter.o) was built for newer 'macOS' version (14.0) than being linked (11.0)
ld: warning: object file (/Users/bsewell/010 MUSIC STUDIO /SY-1000/release/qrc_SY-1000FloorBoard.o) was built for newer 'macOS' version (14.0) than being linked (11.0)
ld: warning: object file (/Users/bsewell/010 MUSIC STUDIO /SY-1000/release/moc_editPage.o) was built for newer 'macOS' version (14.0) than being linked (11.0)
ld: warning: object file (/Users/bsewell/010 MUSIC STUDIO /SY-1000/release/moc_editWindow.o) was built for newer 'macOS' version (14.0) than being linked (11.0)
ld: warning: object file (/Users/bsewell/010 MUSIC STUDIO /SY-1000/release/moc_mainWindow.o) was built for newer 'macOS' version (14.0) than being linked (11.0)
ld: warning: object file (/Users/bsewell/010 MUSIC STUDIO /SY-1000/release/moc_bankTreeList.o) was built for newer 'macOS' version (14.0) than being linked (11.0)
ld: warning: object file (/Users/bsewell/010 MUSIC STUDIO /SY-1000/release/moc_bulkEditDialog.o) was built for newer 'macOS' version (14.0) than being linked (11.0)
ld: warning: object file (/Users/bsewell/010 MUSIC STUDIO /SY-1000/release/moc_bulkLoadDialog.o) was built for newer 'macOS' version (14.0) than being linked (11.0)
ld: warning: object file (/Users/bsewell/010 MUSIC STUDIO /SY-1000/release/moc_bulkSaveDialog.o) was built for newer 'macOS' version (14.0) than being linked (11.0)
ld: warning: object file (/Users/bsewell/010 MUSIC STUDIO /SY-1000/release/moc_customButton.o) was built for newer 'macOS' version (14.0) than being linked (11.0)
ld: warning: object file (/Users/bsewell/010 MUSIC STUDIO /SY-1000/release/moc_customControlParaEQ.o) was built for newer 'macOS' version (14.0) than being linked (11.0)
ld: warning: object file (/Users/bsewell/010 MUSIC STUDIO /SY-1000/release/moc_customControlKnob.o) was built for newer 'macOS' version (14.0) than being linked (11.0)
ld: warning: object file (/Users/bsewell/010 MUSIC STUDIO /SY-1000/release/moc_customControlDataKnob.o) was built for newer 'macOS' version (14.0) than being linked (11.0)
ld: warning: object file (/Users/bsewell/010 MUSIC STUDIO /SY-1000/release/moc_customControlRange.o) was built for newer 'macOS' version (14.0) than being linked (11.0)
ld: warning: object file (/Users/bsewell/010 MUSIC STUDIO /SY-1000/release/moc_customControlLabel.o) was built for newer 'macOS' version (14.0) than being linked (11.0)
ld: warning: object file (/Users/bsewell/010 MUSIC STUDIO /SY-1000/release/moc_customControlListMenu.o) was built for newer 'macOS' version (14.0) than being linked (11.0)
ld: warning: object file (/Users/bsewell/010 MUSIC STUDIO /SY-1000/release/moc_customControlMidiTable.o) was built for newer 'macOS' version (14.0) than being linked (11.0)
ld: warning: object file (/Users/bsewell/010 MUSIC STUDIO /SY-1000/release/moc_customControlSpinBox.o) was built for newer 'macOS' version (14.0) than being linked (11.0)
ld: warning: object file (/Users/bsewell/010 MUSIC STUDIO /SY-1000/release/moc_customControlSwitch.o) was built for newer 'macOS' version (14.0) than being linked (11.0)
ld: warning: object file (/Users/bsewell/010 MUSIC STUDIO /SY-1000/release/moc_customControlTabMenu.o) was built for newer 'macOS' version (14.0) than being linked (11.0)
ld: warning: object file (/Users/bsewell/010 MUSIC STUDIO /SY-1000/release/moc_customControlTarget.o) was built for newer 'macOS' version (14.0) than being linked (11.0)
ld: warning: object file (/Users/bsewell/010 MUSIC STUDIO /SY-1000/release/moc_customControlVU.o) was built for newer 'macOS' version (14.0) than being linked (11.0)
ld: warning: object file (/Users/bsewell/010 MUSIC STUDIO /SY-1000/release/moc_customDial.o) was built for newer 'macOS' version (14.0) than being linked (11.0)
ld: warning: object file (/Users/bsewell/010 MUSIC STUDIO /SY-1000/release/moc_customDisplay.o) was built for newer 'macOS' version (14.0) than being linked (11.0)
ld: warning: object file (/Users/bsewell/010 MUSIC STUDIO /SY-1000/release/moc_customParaEQGraph.o) was built for newer 'macOS' version (14.0) than being linked (11.0)
ld: warning: object file (/Users/bsewell/010 MUSIC STUDIO /SY-1000/release/moc_customKnob.o) was built for newer 'macOS' version (14.0) than being linked (11.0)
ld: warning: object file (/Users/bsewell/010 MUSIC STUDIO /SY-1000/release/moc_customDataKnob.o) was built for newer 'macOS' version (14.0) than being linked (11.0)
ld: warning: object file (/Users/bsewell/010 MUSIC STUDIO /SY-1000/release/moc_customKnobTarget.o) was built for newer 'macOS' version (14.0) than being linked (11.0)
ld: warning: object file (/Users/bsewell/010 MUSIC STUDIO /SY-1000/release/moc_customKnobRange.o) was built for newer 'macOS' version (14.0) than being linked (11.0)
ld: warning: object file (/Users/bsewell/010 MUSIC STUDIO /SY-1000/release/moc_customLabelDisplay.o) was built for newer 'macOS' version (14.0) than being linked (11.0)
ld: warning: object file (/Users/bsewell/010 MUSIC STUDIO /SY-1000/release/moc_customLed.o) was built for newer 'macOS' version (14.0) than being linked (11.0)
ld: warning: object file (/Users/bsewell/010 MUSIC STUDIO /SY-1000/release/moc_customLogo.o) was built for newer 'macOS' version (14.0) than being linked (11.0)
ld: warning: object file (/Users/bsewell/010 MUSIC STUDIO /SY-1000/release/moc_customMeter.o) was built for newer 'macOS' version (14.0) than being linked (11.0)
ld: warning: object file (/Users/bsewell/010 MUSIC STUDIO /SY-1000/release/moc_customMultiComboBox.o) was built for newer 'macOS' version (14.0) than being linked (11.0)
ld: warning: object file (/Users/bsewell/010 MUSIC STUDIO /SY-1000/release/moc_customPanelButton.o) was built for newer 'macOS' version (14.0) than being linked (11.0)
ld: warning: object file (/Users/bsewell/010 MUSIC STUDIO /SY-1000/release/moc_customRangeDial.o) was built for newer 'macOS' version (14.0) than being linked (11.0)
ld: warning: object file (/Users/bsewell/010 MUSIC STUDIO /SY-1000/release/moc_customRenameDialog.o) was built for newer 'macOS' version (14.0) than being linked (11.0)
ld: warning: object file (/Users/bsewell/010 MUSIC STUDIO /SY-1000/release/moc_customRenameWidget.o) was built for newer 'macOS' version (14.0) than being linked (11.0)
ld: warning: object file (/Users/bsewell/010 MUSIC STUDIO /SY-1000/release/moc_customSlider.o) was built for newer 'macOS' version (14.0) than being linked (11.0)
ld: warning: object file (/Users/bsewell/010 MUSIC STUDIO /SY-1000/release/moc_customStructure.o) was built for newer 'macOS' version (14.0) than being linked (11.0)
ld: warning: object file (/Users/bsewell/010 MUSIC STUDIO /SY-1000/release/moc_customSwitch.o) was built for newer 'macOS' version (14.0) than being linked (11.0)
ld: warning: object file (/Users/bsewell/010 MUSIC STUDIO /SY-1000/release/moc_customSwitch3way.o) was built for newer 'macOS' version (14.0) than being linked (11.0)
ld: warning: object file (/Users/bsewell/010 MUSIC STUDIO /SY-1000/release/moc_customSystemOverride.o) was built for newer 'macOS' version (14.0) than being linked (11.0)
ld: warning: object file (/Users/bsewell/010 MUSIC STUDIO /SY-1000/release/moc_customTargetDial.o) was built for newer 'macOS' version (14.0) than being linked (11.0)
ld: warning: object file (/Users/bsewell/010 MUSIC STUDIO /SY-1000/release/moc_customTargetListMenu.o) was built for newer 'macOS' version (14.0) than being linked (11.0)
ld: warning: object file (/Users/bsewell/010 MUSIC STUDIO /SY-1000/release/moc_customVU.o) was built for newer 'macOS' version (14.0) than being linked (11.0)
ld: warning: object file (/Users/bsewell/010 MUSIC STUDIO /SY-1000/release/moc_dragBar.o) was built for newer 'macOS' version (14.0) than being linked (11.0)
ld: warning: object file (/Users/bsewell/010 MUSIC STUDIO /SY-1000/release/moc_fileDialog.o) was built for newer 'macOS' version (14.0) than being linked (11.0)
ld: warning: object file (/Users/bsewell/010 MUSIC STUDIO /SY-1000/release/moc_floorBoard.o) was built for newer 'macOS' version (14.0) than being linked (11.0)
ld: warning: object file (/Users/bsewell/010 MUSIC STUDIO /SY-1000/release/moc_floorBoardDisplay.o) was built for newer 'macOS' version (14.0) than being linked (11.0)
ld: warning: object file (/Users/bsewell/010 MUSIC STUDIO /SY-1000/release/moc_floorPanelBar.o) was built for newer 'macOS' version (14.0) than being linked (11.0)
ld: warning: object file (/Users/bsewell/010 MUSIC STUDIO /SY-1000/release/moc_floorPanelBarButton.o) was built for newer 'macOS' version (14.0) than being linked (11.0)
ld: warning: object file (/Users/bsewell/010 MUSIC STUDIO /SY-1000/release/moc_initPatchListMenu.o) was built for newer 'macOS' version (14.0) than being linked (11.0)
ld: warning: object file (/Users/bsewell/010 MUSIC STUDIO /SY-1000/release/moc_menuPage.o) was built for newer 'macOS' version (14.0) than being linked (11.0)
ld: warning: object file (/Users/bsewell/010 MUSIC STUDIO /SY-1000/release/moc_menuPage_assign1.o) was built for newer 'macOS' version (14.0) than being linked (11.0)
ld: warning: object file (/Users/bsewell/010 MUSIC STUDIO /SY-1000/release/moc_menuPage_master.o) was built for newer 'macOS' version (14.0) than being linked (11.0)
ld: warning: object file (/Users/bsewell/010 MUSIC STUDIO /SY-1000/release/moc_menuPage_pdl.o) was built for newer 'macOS' version (14.0) than being linked (11.0)
ld: warning: object file (/Users/bsewell/010 MUSIC STUDIO /SY-1000/release/moc_menuPage_setup.o) was built for newer 'macOS' version (14.0) than being linked (11.0)
ld: warning: object file (/Users/bsewell/010 MUSIC STUDIO /SY-1000/release/moc_menuPage_system.o) was built for newer 'macOS' version (14.0) than being linked (11.0)
ld: warning: object file (/Users/bsewell/010 MUSIC STUDIO /SY-1000/release/moc_menuPage_tuner.o) was built for newer 'macOS' version (14.0) than being linked (11.0)
ld: warning: object file (/Users/bsewell/010 MUSIC STUDIO /SY-1000/release/moc_notesDialog.o) was built for newer 'macOS' version (14.0) than being linked (11.0)
ld: warning: object file (/Users/bsewell/010 MUSIC STUDIO /SY-1000/release/moc_patchWriteDialog.o) was built for newer 'macOS' version (14.0) than being linked (11.0)
ld: warning: object file (/Users/bsewell/010 MUSIC STUDIO /SY-1000/release/moc_renameDialog.o) was built for newer 'macOS' version (14.0) than being linked (11.0)
ld: warning: object file (/Users/bsewell/010 MUSIC STUDIO /SY-1000/release/moc_renameWidget.o) was built for newer 'macOS' version (14.0) than being linked (11.0)
ld: warning: object file (/Users/bsewell/010 MUSIC STUDIO /SY-1000/release/moc_statusBarSymbol.o) was built for newer 'macOS' version (14.0) than being linked (11.0)
ld: warning: object file (/Users/bsewell/010 MUSIC STUDIO /SY-1000/release/moc_statusBarWidget.o) was built for newer 'macOS' version (14.0) than being linked (11.0)
ld: warning: object file (/Users/bsewell/010 MUSIC STUDIO /SY-1000/release/moc_soundSource_inst1.o) was built for newer 'macOS' version (14.0) than being linked (11.0)
ld: warning: object file (/Users/bsewell/010 MUSIC STUDIO /SY-1000/release/moc_soundSource_inst2.o) was built for newer 'macOS' version (14.0) than being linked (11.0)
ld: warning: object file (/Users/bsewell/010 MUSIC STUDIO /SY-1000/release/moc_soundSource_inst3.o) was built for newer 'macOS' version (14.0) than being linked (11.0)
ld: warning: object file (/Users/bsewell/010 MUSIC STUDIO /SY-1000/release/moc_soundSource_normal.o) was built for newer 'macOS' version (14.0) than being linked (11.0)
ld: warning: object file (/Users/bsewell/010 MUSIC STUDIO /SY-1000/release/moc_stompBox.o) was built for newer 'macOS' version (14.0) than being linked (11.0)
ld: warning: object file (/Users/bsewell/010 MUSIC STUDIO /SY-1000/release/moc_stompbox_amp.o) was built for newer 'macOS' version (14.0) than being linked (11.0)
ld: warning: object file (/Users/bsewell/010 MUSIC STUDIO /SY-1000/release/moc_stompbox_balancer1.o) was built for newer 'macOS' version (14.0) than being linked (11.0)
ld: warning: object file (/Users/bsewell/010 MUSIC STUDIO /SY-1000/release/moc_stompbox_balancer2.o) was built for newer 'macOS' version (14.0) than being linked (11.0)
ld: warning: object file (/Users/bsewell/010 MUSIC STUDIO /SY-1000/release/moc_stompbox_balancer3.o) was built for newer 'macOS' version (14.0) than being linked (11.0)
ld: warning: object file (/Users/bsewell/010 MUSIC STUDIO /SY-1000/release/moc_stompbox_branch_AB.o) was built for newer 'macOS' version (14.0) than being linked (11.0)
ld: warning: object file (/Users/bsewell/010 MUSIC STUDIO /SY-1000/release/moc_stompbox_ce.o) was built for newer 'macOS' version (14.0) than being linked (11.0)
ld: warning: object file (/Users/bsewell/010 MUSIC STUDIO /SY-1000/release/moc_stompbox_cs.o) was built for newer 'macOS' version (14.0) than being linked (11.0)
ld: warning: object file (/Users/bsewell/010 MUSIC STUDIO /SY-1000/release/moc_stompbox_dd1.o) was built for newer 'macOS' version (14.0) than being linked (11.0)
ld: warning: object file (/Users/bsewell/010 MUSIC STUDIO /SY-1000/release/moc_stompbox_dd2.o) was built for newer 'macOS' version (14.0) than being linked (11.0)
ld: warning: object file (/Users/bsewell/010 MUSIC STUDIO /SY-1000/release/moc_stompbox_dd3.o) was built for newer 'macOS' version (14.0) than being linked (11.0)
ld: warning: object file (/Users/bsewell/010 MUSIC STUDIO /SY-1000/release/moc_stompbox_divider.o) was built for newer 'macOS' version (14.0) than being linked (11.0)
ld: warning: object file (/Users/bsewell/010 MUSIC STUDIO /SY-1000/release/moc_stompbox_ds.o) was built for newer 'macOS' version (14.0) than being linked (11.0)
ld: warning: object file (/Users/bsewell/010 MUSIC STUDIO /SY-1000/release/moc_stompbox_eq1.o) was built for newer 'macOS' version (14.0) than being linked (11.0)
ld: warning: object file (/Users/bsewell/010 MUSIC STUDIO /SY-1000/release/moc_stompbox_eq2.o) was built for newer 'macOS' version (14.0) than being linked (11.0)
ld: warning: object file (/Users/bsewell/010 MUSIC STUDIO /SY-1000/release/moc_stompbox_fx1.o) was built for newer 'macOS' version (14.0) than being linked (11.0)
ld: warning: object file (/Users/bsewell/010 MUSIC STUDIO /SY-1000/release/moc_stompbox_fx2.o) was built for newer 'macOS' version (14.0) than being linked (11.0)
ld: warning: object file (/Users/bsewell/010 MUSIC STUDIO /SY-1000/release/moc_stompbox_fx3.o) was built for newer 'macOS' version (14.0) than being linked (11.0)
ld: warning: object file (/Users/bsewell/010 MUSIC STUDIO /SY-1000/release/moc_stompbox_fv1.o) was built for newer 'macOS' version (14.0) than being linked (11.0)
ld: warning: object file (/Users/bsewell/010 MUSIC STUDIO /SY-1000/release/moc_stompbox_fv2.o) was built for newer 'macOS' version (14.0) than being linked (11.0)
ld: warning: object file (/Users/bsewell/010 MUSIC STUDIO /SY-1000/release/moc_stompbox_lp.o) was built for newer 'macOS' version (14.0) than being linked (11.0)
ld: warning: object file (/Users/bsewell/010 MUSIC STUDIO /SY-1000/release/moc_stompbox_main_out_left.o) was built for newer 'macOS' version (14.0) than being linked (11.0)
ld: warning: object file (/Users/bsewell/010 MUSIC STUDIO /SY-1000/release/moc_stompbox_main_out_right.o) was built for newer 'macOS' version (14.0) than being linked (11.0)
ld: warning: object file (/Users/bsewell/010 MUSIC STUDIO /SY-1000/release/moc_stompbox_main_out_stereo.o) was built for newer 'macOS' version (14.0) than being linked (11.0)
ld: warning: object file (/Users/bsewell/010 MUSIC STUDIO /SY-1000/release/moc_stompbox_master.o) was built for newer 'macOS' version (14.0) than being linked (11.0)
ld: warning: object file (/Users/bsewell/010 MUSIC STUDIO /SY-1000/release/moc_stompbox_mixer.o) was built for newer 'macOS' version (14.0) than being linked (11.0)
ld: warning: object file (/Users/bsewell/010 MUSIC STUDIO /SY-1000/release/moc_stompbox_ns.o) was built for newer 'macOS' version (14.0) than being linked (11.0)
ld: warning: object file (/Users/bsewell/010 MUSIC STUDIO /SY-1000/release/moc_stompbox_rv.o) was built for newer 'macOS' version (14.0) than being linked (11.0)
ld: warning: object file (/Users/bsewell/010 MUSIC STUDIO /SY-1000/release/moc_stompbox_split.o) was built for newer 'macOS' version (14.0) than being linked (11.0)
ld: warning: object file (/Users/bsewell/010 MUSIC STUDIO /SY-1000/release/moc_stompbox_sub_out_left.o) was built for newer 'macOS' version (14.0) than being linked (11.0)
ld: warning: object file (/Users/bsewell/010 MUSIC STUDIO /SY-1000/release/moc_stompbox_sub_out_right.o) was built for newer 'macOS' version (14.0) than being linked (11.0)
ld: warning: object file (/Users/bsewell/010 MUSIC STUDIO /SY-1000/release/moc_stompbox_sub_out_stereo.o) was built for newer 'macOS' version (14.0) than being linked (11.0)
ld: warning: object file (/Users/bsewell/010 MUSIC STUDIO /SY-1000/release/moc_midiIO.o) was built for newer 'macOS' version (14.0) than being linked (11.0)
ld: warning: object file (/Users/bsewell/010 MUSIC STUDIO /SY-1000/release/moc_summaryDialog.o) was built for newer 'macOS' version (14.0) than being linked (11.0)
ld: warning: object file (/Users/bsewell/010 MUSIC STUDIO /SY-1000/release/moc_summaryDialogPatchList.o) was built for newer 'macOS' version (14.0) than being linked (11.0)
ld: warning: object file (/Users/bsewell/010 MUSIC STUDIO /SY-1000/release/moc_summaryDialogSystem.o) was built for newer 'macOS' version (14.0) than being linked (11.0)
ld: warning: object file (/Users/bsewell/010 MUSIC STUDIO /SY-1000/release/moc_SysxIO.o) was built for newer 'macOS' version (14.0) than being linked (11.0)
ld: warning: object file (/Users/bsewell/010 MUSIC STUDIO /SY-1000/release/moc_tsl_SY300_translation.o) was built for newer 'macOS' version (14.0) than being linked (11.0)
ld: warning: object file (/Users/bsewell/010 MUSIC STUDIO /SY-1000/release/moc_tsl_GP10_translation.o) was built for newer 'macOS' version (14.0) than being linked (11.0)
ld: warning: object file (/Users/bsewell/010 MUSIC STUDIO /SY-1000/release/moc_tsl_GT1000_translation.o) was built for newer 'macOS' version (14.0) than being linked (11.0)
ld: warning: object file (/Users/bsewell/010 MUSIC STUDIO /SY-1000/release/moc_tsl_VG99_VB99_translation.o) was built for newer 'macOS' version (14.0) than being linked (11.0)
ld: warning: object file (/Users/bsewell/010 MUSIC STUDIO /SY-1000/release/moc_preferencesDialog.o) was built for newer 'macOS' version (14.0) than being linked (11.0)
ld: warning: object file (/Users/bsewell/010 MUSIC STUDIO /SY-1000/release/moc_preferencesPages.o) was built for newer 'macOS' version (14.0) than being linked (11.0)
Undefined symbols for architecture arm64:
  "qHash(QStringView, unsigned long)", referenced from:
      QHashPrivate::Data<QHashPrivate::Node<QString, QString>>::InsertionResult QHashPrivate::Data<QHashPrivate::Node<QString, QString>>::findOrInsert<QString>(QString const&) in Preferences.o
      QHashPrivate::Data<QHashPrivate::Node<QString, QString>>::rehash(unsigned long) in Preferences.o
  "qputenv(char const*, QByteArrayView)", referenced from:
      SysxIO::returnBulkPatchNames(QString) in SysxIO.o
      SysxIO::returnBulkPatchNames(QString) in SysxIO.o
  "QArrayData::deallocate(QArrayData*, long long, long long)", referenced from:
      editPage::editPage(QWidget*) in editPage.o
      editPage::editPage(QWidget*) in editPage.o
      editPage::editPage(QWidget*) in editPage.o
      editPage::editPage(QWidget*) in editPage.o
      editPage::editPage(QWidget*) in editPage.o
      editPage::editPage(QWidget*) in editPage.o
      editPage::editPage(QWidget*) in editPage.o
      editPage::editPage(QWidget*) in editPage.o
      ...
  "QArrayData::reallocateUnaligned(QArrayData*, void*, long long, long long, QArrayData::AllocationOption)", referenced from:
      QArrayDataPointer<int>::reallocateAndGrow(QArrayData::GrowthPosition, long long, QArrayDataPointer<int>*) in editPage.o
      QArrayDataPointer<QGroupBox*>::reallocateAndGrow(QArrayData::GrowthPosition, long long, QArrayDataPointer<QGroupBox*>*) in editPage.o
      QArrayDataPointer<QGridLayout*>::reallocateAndGrow(QArrayData::GrowthPosition, long long, QArrayDataPointer<QGridLayout*>*) in editPage.o
      QArrayDataPointer<QStackedWidget*>::reallocateAndGrow(QArrayData::GrowthPosition, long long, QArrayDataPointer<QStackedWidget*>*) in editPage.o
      QArrayDataPointer<editPage*>::reallocateAndGrow(QArrayData::GrowthPosition, long long, QArrayDataPointer<editPage*>*) in editWindow.o
      QArrayDataPointer<QString>::reallocateAndGrow(QArrayData::GrowthPosition, long long, QArrayDataPointer<QString>*) in mainWindow.o
      QArrayDataPointer<QTreeWidgetItem*>::reallocateAndGrow(QArrayData::GrowthPosition, long long, QArrayDataPointer<QTreeWidgetItem*>*) in bankTreeList.o
      ...
  "QArrayData::allocate(QArrayData**, long long, long long, long long, QArrayData::AllocationOption)", referenced from:
      editPage::addGroupBox(int, int, int, int) in editPage.o
      editPage::newStackField(int, QFlags<Qt::AlignmentFlag>) in editPage.o
      QArrayDataPointer<int>::allocateGrow(QArrayDataPointer<int> const&, long long, QArrayData::GrowthPosition) in editPage.o
      QArrayDataPointer<QGroupBox*>::allocateGrow(QArrayDataPointer<QGroupBox*> const&, long long, QArrayData::GrowthPosition) in editPage.o
      QArrayDataPointer<QGridLayout*>::allocateGrow(QArrayDataPointer<QGridLayout*> const&, long long, QArrayData::GrowthPosition) in editPage.o
      QArrayDataPointer<QStackedWidget*>::allocateGrow(QArrayDataPointer<QStackedWidget*> const&, long long, QArrayData::GrowthPosition) in editPage.o
      QArrayDataPointer<editPage*>::allocateGrow(QArrayDataPointer<editPage*> const&, long long, QArrayData::GrowthPosition) in editWindow.o
      ...
  "QByteArray::reallocData(long long, QArrayData::AllocationOption)", referenced from:
      bulkLoadDialog::bulkLoadDialog() in bulkLoadDialog.o
      bulkLoadDialog::updatePatch() in bulkLoadDialog.o
      bulkLoadDialog::updatePatch() in bulkLoadDialog.o
      QMetaTypeIdQObject<QFlags<Qt::AlignmentFlag>, 16>::qt_metatype_id() in preferencesDialog.o
      MidiPage::updateDevice() in preferencesPages.o
      MidiPage::updateDevice() in preferencesPages.o
      SysxIO::setFileSource(QString, QByteArray) in SysxIO.o
      SysxIO::setFileSource(QString, QByteArray) in SysxIO.o
      ...
  "QByteArray::_empty", referenced from:
      mainWindow::mainWindow() in mainWindow.o
      mainWindow::restart() in mainWindow.o
      floorBoardDisplay::connectionResult(QString) in floorBoardDisplay.o
      midiIO::sendSysxMsg(QString, int, unsigned int, unsigned int) in midiIO.o
      SysxIO::returnBulkPatchNames(QString) in SysxIO.o
      SysxIO::returnBulkPatchNames(QString) in SysxIO.o
      tsl_translation::write_Assign(char const*, char const*) in tsl_SY300_translation.o
      ...
  "QByteArray::insert(long long, QByteArrayView)", referenced from:
      QMetaTypeIdQObject<QFlags<Qt::AlignmentFlag>, 16>::qt_metatype_id() in preferencesDialog.o
      QMetaTypeIdQObject<QFlags<Qt::AlignmentFlag>, 16>::qt_metatype_id() in preferencesDialog.o
      QMetaTypeIdQObject<QFlags<Qt::AlignmentFlag>, 16>::qt_metatype_id() in preferencesDialog.o
      tsl_translation::write_Assign(char const*, char const*) in tsl_SY300_translation.o
      tsl_translation::write_Assign(char const*, char const*) in tsl_SY300_translation.o
      tsl_translation::write_Assign(char const*, char const*) in tsl_SY300_translation.o
      tsl_translation::write_Assign(char const*, char const*) in tsl_SY300_translation.o
      tsl_translation::write_Assign(char const*, char const*) in tsl_SY300_translation.o
      tsl_translation::write_Assign(char const*, char const*) in tsl_SY300_translation.o
      tsl_translation::write_Assign(char const*, char const*) in tsl_SY300_translation.o
      tsl_translation::write_Assign(char const*, char const*) in tsl_SY300_translation.o
      tsl_translation::write_Assign(char const*, char const*) in tsl_SY300_translation.o
      tsl_translation::write_Assign(char const*, char const*) in tsl_SY300_translation.o
      tsl_translation::write_Assign(char const*, char const*) in tsl_SY300_translation.o
      tsl_translation::write_Assign(char const*, char const*) in tsl_SY300_translation.o
      tsl_translation::write_Assign(char const*, char const*) in tsl_SY300_translation.o
      tsl_translation::write_Assign(char const*, char const*) in tsl_SY300_translation.o
      tsl_translation::write_Assign(char const*, char const*) in tsl_SY300_translation.o
      tsl_translation::write_Assign(char const*, char const*) in tsl_SY300_translation.o
      tsl_translation::write_Assign(char const*, char const*) in tsl_SY300_translation.o
      tsl_translation::write_Assign(char const*, char const*) in tsl_SY300_translation.o
      tsl_translation::write_Assign(char const*, char const*) in tsl_SY300_translation.o
      tsl_translation::write_Assign(char const*, char const*) in tsl_SY300_translation.o
      tsl_translation::write_Assign(char const*, char const*) in tsl_SY300_translation.o
      tsl_translation::write_Assign(char const*, char const*) in tsl_SY300_translation.o
      tsl_translation::write_Assign(char const*, char const*) in tsl_SY300_translation.o
      tsl_translation::write_Assign(char const*, char const*) in tsl_SY300_translation.o
      tsl_translation::write_Assign(char const*, char const*) in tsl_SY300_translation.o
      tsl_translation::write_Assign(char const*, char const*) in tsl_SY300_translation.o
      ...
  "QByteArray::remove(long long, long long)", referenced from:
      sysxWriter::hex_G_to_TSL_B() in sysxWriter.o
      sysxWriter::hex_G_to_TSL_B() in sysxWriter.o
      sysxWriter::hex_G_to_TSL_B() in sysxWriter.o
      sysxWriter::GetJsonString(QByteArray, int) in sysxWriter.o
      sysxWriter::GetJsonString(QByteArray, int) in sysxWriter.o
      sysxWriter::GetJsonString(QByteArray, int) in sysxWriter.o
      sysxWriter::convert_QByteArray_value(QByteArray, QString, QString) in sysxWriter.o
      ...
  "QByteArray::replace(long long, long long, QByteArrayView)", referenced from:
      sysxWriter::hex_B_to_TSL_G() in sysxWriter.o
      sysxWriter::hex_B_to_TSL_G() in sysxWriter.o
      sysxWriter::hex_B_to_TSL_G() in sysxWriter.o
      sysxWriter::hex_B_to_TSL_G() in sysxWriter.o
      sysxWriter::hex_B_to_TSL_G() in sysxWriter.o
      sysxWriter::hex_B_to_TSL_G() in sysxWriter.o
      sysxWriter::hex_B_to_TSL_G() in sysxWriter.o
      sysxWriter::hex_B_to_TSL_G() in sysxWriter.o
      sysxWriter::hex_B_to_TSL_G() in sysxWriter.o
      sysxWriter::hex_B_to_TSL_G() in sysxWriter.o
      sysxWriter::hex_B_to_TSL_G() in sysxWriter.o
      sysxWriter::hex_B_to_TSL_G() in sysxWriter.o
      sysxWriter::hex_B_to_TSL_G() in sysxWriter.o
      sysxWriter::hex_B_to_TSL_G() in sysxWriter.o
      sysxWriter::hex_B_to_TSL_G() in sysxWriter.o
      sysxWriter::hex_B_to_TSL_G() in sysxWriter.o
      ...
  "QByteArray::truncate(long long)", referenced from:
      tsl_translation::GetJsonHex(QByteArray, int) in tsl_SY300_translation.o
      tsl_GP10_translation::GetJsonHex(QByteArray, int) in tsl_GP10_translation.o
  "QByteArray::QByteArray(char const*, long long)", referenced from:
      sysxWriter::readFile() in sysxWriter.o
      sysxWriter::GetJsonArray(QByteArray, int) in sysxWriter.o
      sysxWriter::GetJsonArray(QByteArray, int) in sysxWriter.o
      sysxWriter::convertTSL_to_default_B(int) in sysxWriter.o
      sysxWriter::convertTSL_to_default_B(int) in sysxWriter.o
      sysxWriter::convertTSL_to_default_B(int) in sysxWriter.o
      sysxWriter::convertTSL_to_default_G(int) in sysxWriter.o
      sysxWriter::convertTSL_to_default_G(int) in sysxWriter.o
      sysxWriter::convertTSL_to_default_G(int) in sysxWriter.o
      ...
  "QBasicMutex::unlockInternal(void*)", referenced from:
      midiIO::sendSyxMsg(QString, unsigned int) in midiIO.o
      midiIO::sendSyxMsg(QString, unsigned int) in midiIO.o
      midiIO::sendMidiMsg(QString, unsigned int) in midiIO.o
      midiIO::sendMidiMsg(QString, unsigned int) in midiIO.o
      midiIO::receiveMsg() in midiIO.o
      midiIO::receiveMsg() in midiIO.o
      midiIO::receiveMsg() in midiIO.o
      midiIO::receiveMsg() in midiIO.o
      midiIO::receiveMsg() in midiIO.o
      ...
  "QBasicMutex::destroyInternal(void*)", referenced from:
      QMutex::~QMutex() in midiIO.o
  "QDataStream::QDataStream(QByteArray*, QFlags<QIODeviceBase::OpenModeFlag>)", referenced from:
      floorBoard::dropEvent(QDropEvent*) in floorBoard.o
  "QListWidget::insertItems(int, QList<QString> const&)", referenced from:
      fileDialog::fileDialog(QString, QList<QString>) in fileDialog.o
  "QTreeWidget::setHeaderLabels(QList<QString> const&)", referenced from:
      bankTreeList::newTreeList() in bankTreeList.o
  "QDomDocument::setContent(QIODevice*, QFlags<QDomDocument::ParseOption>)", referenced from:
      MidiTable::loadMidiMap() in MidiTable.o
      Preferences::loadPreferences(QString) in Preferences.o
      tsl_VG99_VB99_translation::loadMidiMap() in tsl_VG99_VB99_translation.o
  "QRandomGenerator::_fillRange(void*, long long)", referenced from:
      customControlVU::demo() in customControlVU.o
      customControlVU::demo() in customControlVU.o
      customControlVU::demo() in customControlVU.o
      customControlVU::demo() in customControlVU.o
      customControlVU::demo() in customControlVU.o
      customControlVU::demo() in customControlVU.o
      customControlVU::demo() in customControlVU.o
      customControlVU::demo() in customControlVU.o
      customControlVU::demo() in customControlVU.o
      customControlVU::demo() in customControlVU.o
      customControlVU::demo() in customControlVU.o
      customControlVU::demo() in customControlVU.o
      customControlVU::demo() in customControlVU.o
      customControlVU::demo() in customControlVU.o
      customControlVU::demo() in customControlVU.o
      customControlVU::demo() in customControlVU.o
      customControlVU::demo() in customControlVU.o
      customControlVU::demo() in customControlVU.o
      customControlVU::demo() in customControlVU.o
      customControlVU::demo() in customControlVU.o
      customControlVU::demo() in customControlVU.o
      customControlVU::demo() in customControlVU.o
      customControlVU::demo() in customControlVU.o
      customControlVU::demo() in customControlVU.o
      customControlVU::demo() in customControlVU.o
      customControlVU::demo() in customControlVU.o
      customControlVU::demo() in customControlVU.o
      customControlVU::demo() in customControlVU.o
      customControlVU::demo() in customControlVU.o
      customControlVU::demo() in customControlVU.o
      customControlVU::demo() in customControlVU.o
      customControlVU::demo() in customControlVU.o
      customControlVU::demo() in customControlVU.o
      customControlVU::demo() in customControlVU.o
      customControlVU::demo() in customControlVU.o
      customControlVU::demo() in customControlVU.o
      customControlVU::demo() in customControlVU.o
      customControlVU::demo() in customControlVU.o
      customControlVU::demo() in customControlVU.o
      customControlVU::demo() in customControlVU.o
      customControlVU::demo() in customControlVU.o
      customControlVU::demo() in customControlVU.o
      customControlVU::demo() in customControlVU.o
      customControlVU::demo() in customControlVU.o
      customControlVU::demo() in customControlVU.o
      customControlVU::demo() in customControlVU.o
      customControlVU::demo() in customControlVU.o
      customControlVU::demo() in customControlVU.o
      customControlVU::demo() in customControlVU.o
      customControlVU::demo() in customControlVU.o
      customControlVU::demo() in customControlVU.o
      customControlVU::demo() in customControlVU.o
      customControlVU::demo() in customControlVU.o
      customControlVU::demo() in customControlVU.o
      customControlVU::demo() in customControlVU.o
      customControlVU::demo() in customControlVU.o
      customControlVU::demo() in customControlVU.o
      customControlVU::demo() in customControlVU.o
      customControlVU::demo() in customControlVU.o
      customControlVU::demo() in customControlVU.o
      customControlVU::demo() in customControlVU.o
      customControlVU::demo() in customControlVU.o
      customControlVU::demo() in customControlVU.o
      customControlVU::demo() in customControlVU.o
      customControlVU::demo() in customControlVU.o
      customControlVU::demo() in customControlVU.o
      ...
  "Qt::staticMetaObject", referenced from:
      QtPrivate::MetaObjectForType<QFlags<Qt::AlignmentFlag>, void>::metaObjectFunction(QtPrivate::QMetaTypeInterface const*) in preferencesDialog.o
      QtPrivate::QDebugStreamOperatorForType<QFlags<Qt::AlignmentFlag>, true>::debugStream(QtPrivate::QMetaTypeInterface const*, QDebug&, void const*) in preferencesDialog.o
      QMetaTypeIdQObject<QFlags<Qt::AlignmentFlag>, 16>::qt_metatype_id() in preferencesDialog.o
  "QChar::toUpper(char32_t)", referenced from:
      tsl_VG99_VB99_translation::SY1000_default_replace(QString, QString, QString, int, QByteArray) in tsl_VG99_VB99_translation.o
  "QFile::open(QFlags<QIODeviceBase::OpenModeFlag>)", referenced from:
      mainWindow::mainWindow() in mainWindow.o
      mainWindow::about() in mainWindow.o
      bulkLoadDialog::bulkLoadDialog() in bulkLoadDialog.o
      bulkSaveDialog::writeSYX() in bulkSaveDialog.o
      summaryDialog::saveAs() in summaryDialog.o
      summaryDialogPatchList::saveAs() in summaryDialogPatchList.o
      summaryDialogSystem::saveAs() in summaryDialogSystem.o
      ...
  "QFont::setWeight(QFont::Weight)", referenced from:
      customDisplay::setMainText(QString, QFlags<Qt::AlignmentFlag>) in customDisplay.o
  "QTimer::singleShot(std::__1::chrono::duration<long long, std::__1::ratio<1l, 1000000000l>>, Qt::TimerType, QObject const*, char const*)", referenced from:
      editWindow::bulkEdit() in editWindow.o
      showOfflineWriteSkippedNotice(QWidget*, QString const&) in mainWindow.o
      mainWindow::systemLoad() in mainWindow.o
      mainWindow::systemSave() in mainWindow.o
      mainWindow::bulkLoad() in mainWindow.o
      mainWindow::bulkSave() in mainWindow.o
      bankTreeList::updatePatch(QString) in bankTreeList.o
      bankTreeList::updatePatch(QString) in bankTreeList.o
      bankTreeList::updatePatch(QString) in bankTreeList.o
      bankTreeList::updatePatch(QString) in bankTreeList.o
      bankTreeList::updatePatch(QString) in bankTreeList.o
      ...
  "QObject::setObjectName(QAnyStringView)", referenced from:
      editPage::newGroupBox(QString, QFlags<Qt::AlignmentFlag>) in editPage.o
      editWindow::editWindow(QWidget*) in editWindow.o
      editWindow::editWindow(QWidget*) in editWindow.o
      editWindow::editWindow(QWidget*) in editWindow.o
      mainWindow::mainWindow() in mainWindow.o
      bankTreeList::bankTreeList(QWidget*) in bankTreeList.o
      bankTreeList::bankTreeList(QWidget*) in bankTreeList.o
      ...
  "QObject::doSetObjectName(QString const&)", referenced from:
      customDisplay::setMainObjectName(QString) in customDisplay.o
      customDisplay::setSubObjectName(QString) in customDisplay.o
      customDisplay::setSubObjectName(QString) in customDisplay.o
      customLabelDisplay::setMainObjectName(QString) in customLabelDisplay.o
      customLabelDisplay::setSubObjectName(QString) in customLabelDisplay.o
      customLabelDisplay::setSubObjectName(QString) in customLabelDisplay.o
  "QString::fromLatin1(QByteArrayView)", referenced from:
      mainWindow::mainWindow() in mainWindow.o
  "QString::reallocData(long long, QArrayData::AllocationOption)", referenced from:
      tsl_VG99_VB99_translation::SY1000_default_replace(QString, QString, QString, int, QByteArray) in tsl_VG99_VB99_translation.o
  "QString::compare_helper(QChar const*, long long, char const*, long long, Qt::CaseSensitivity)", referenced from:
      editWindow::editWindow(QWidget*) in editWindow.o
      editWindow::editWindow(QWidget*) in editWindow.o
      editWindow::addPage(QString, QString, QString, QString, QString) in editWindow.o
      editWindow::addPage(QString, QString, QString, QString, QString) in editWindow.o
      editWindow::addPage(QString, QString, QString, QString, QString) in editWindow.o
      editWindow::addPage(QString, QString, QString, QString, QString) in editWindow.o
      editWindow::valueChanged(int) in editWindow.o
      editWindow::valueChanged(int) in editWindow.o
      ...
  "QString::toIntegral_helper(QStringView, bool*, int)", referenced from:
      editWindow::editWindow(QWidget*) in editWindow.o
      editWindow::editWindow(QWidget*) in editWindow.o
      editWindow::paintEvent(QPaintEvent*) in editWindow.o
      editWindow::addPage(QString, QString, QString, QString, QString) in editWindow.o
      mainWindow::mainWindow() in mainWindow.o
      mainWindow::mainWindow() in mainWindow.o
      mainWindow::~mainWindow() in mainWindow.o
      ...
  "QString::toIntegral_helper(QStringView, bool*, unsigned int)", referenced from:
      customControlVU::setTunerPolyValue(QString) in customControlVU.o
      customControlVU::setTunerPolyValue(QString) in customControlVU.o
      customControlVU::setTunerPolyValue(QString) in customControlVU.o
      customControlVU::setTunerPolyValue(QString) in customControlVU.o
      customControlVU::setTunerPolyValue(QString) in customControlVU.o
      customControlVU::setTunerPolyValue(QString) in customControlVU.o
      customControlVU::setTunerMonoValue(QString) in customControlVU.o
      ...
  "QString::chop(long long)", referenced from:
      summaryDialogSystem::makeList() in summaryDialogSystem.o
      summaryDialogSystem::makeList() in summaryDialogSystem.o
      tsl_translation::convertFromTSL(int) in tsl_SY300_translation.o
      tsl_GP10_translation::convertFromTSL(int) in tsl_GP10_translation.o
  "QString::fill(QChar, long long)", referenced from:
      XmlWriter::setIndentType(int) in xmlwriter.o
  "QString::_empty", referenced from:
      editWindow::editWindow(QWidget*) in editWindow.o
      editWindow::editWindow(QWidget*) in editWindow.o
      editWindow::addPage(QString, QString, QString, QString, QString) in editWindow.o
      editWindow::valueChanged(int) in editWindow.o
      editWindow::pageUpdateSignal() in editWindow.o
      editWindow::assign_paste() in editWindow.o
      mainWindow::mainWindow() in mainWindow.o
      ...
  "QString::append(QBasicUtf8StringView<false>)", referenced from:
      editPage::addDataKnob(int, int, int, int, QString, QString, QString, QString, QString, QString, int, QFlags<Qt::AlignmentFlag>) in editPage.o
      editPage::addTarget(int, int, int, int, QString, QString, QString, QString, QString, QString, int, QFlags<Qt::AlignmentFlag>) in editPage.o
      editPage::addTarget(int, int, int, int, QString, QString, QString, QString, QString, QString, int, QFlags<Qt::AlignmentFlag>) in editPage.o
      editPage::addRange(int, int, int, int, QString, QString, QString, QString, QString, QFlags<Qt::AlignmentFlag>) in editPage.o
      editPage::addSwitch(int, int, int, int, QString, QString, QString, QString, QString, QFlags<Qt::AlignmentFlag>) in editPage.o
      editPage::addComboBox(int, int, int, int, QString, QString, QString, QString, QString, QFlags<Qt::AlignmentFlag>) in editPage.o
      editPage::addTabBar(int, int, int, int, QString, QString, QString, QString, QString, QFlags<Qt::AlignmentFlag>) in editPage.o
      ...
  "QString::assign(QAnyStringView)", referenced from:
      editPage::updateDisplay(QString) in editPage.o
      editWindow::editWindow(QWidget*) in editWindow.o
      editWindow::editWindow(QWidget*) in editWindow.o
      editWindow::pageUpdateSignal() in editWindow.o
      mainWindow::mainWindow() in mainWindow.o
      mainWindow::mainWindow() in mainWindow.o
      mainWindow::mainWindow() in mainWindow.o
      mainWindow::mainWindow() in mainWindow.o
      mainWindow::mainWindow() in mainWindow.o
      mainWindow::mainWindow() in mainWindow.o
      mainWindow::mainWindow() in mainWindow.o
      mainWindow::mainWindow() in mainWindow.o
      mainWindow::mainWindow() in mainWindow.o
      mainWindow::mainWindow() in mainWindow.o
      ...
  "QString::insert(long long, QBasicUtf8StringView<false>)", referenced from:
      editWindow::temp_paste() in editWindow.o
      editWindow::assign_paste() in editWindow.o
      bankTreeList::newTreeList() in bankTreeList.o
      bankTreeList::updatePatchNames(QString) in bankTreeList.o
      bankTreeList::updateNameSignal(QString, int, int) in bankTreeList.o
      bulkEditDialog::bulkEditDialog(int, int, QString, QString) in bulkEditDialog.o
      bulkEditDialog::bulkEditDialog(int, int, QString, QString) in bulkEditDialog.o
      ...
  "QString::insert(long long, QChar const*, long long)", referenced from:
      editWindow::assign_paste() in editWindow.o
      bulkEditDialog::sendSequence(QString) in bulkEditDialog.o
      bulkLoadDialog::sendSequence() in bulkLoadDialog.o
      bulkSaveDialog::updatePatch(QString) in bulkSaveDialog.o
      initPatchListMenu::updateCombo() in initPatchListMenu.o
      summaryDialogPatchList::updatePatchNames(QString) in summaryDialogPatchList.o
      summaryDialogPatchList::updatePatchNames(QString) in summaryDialogPatchList.o
      ...
  "QString::remove(long long, long long)", referenced from:
      editWindow::assign_paste() in editWindow.o
      customControlListMenu::setComboBox() in customControlListMenu.o
      customControlListMenu::dialogUpdateSignal() in customControlListMenu.o
      customControlListMenu::dialogUpdateSignal() in customControlListMenu.o
      customControlListMenu::dialogUpdateSignal() in customControlListMenu.o
      customControlListMenu::dialogUpdateSignal() in customControlListMenu.o
      customMultiComboBox::valueChanged(int) in customMultiComboBox.o
      ...
  "QString::replace(long long, long long, QString const&)", referenced from:
      editWindow::temp_paste() in editWindow.o
      editWindow::temp_paste() in editWindow.o
      editWindow::temp_paste() in editWindow.o
      editWindow::temp_paste() in editWindow.o
      editWindow::temp_paste() in editWindow.o
      editWindow::assign_paste() in editWindow.o
      bankTreeList::updatePatch(QString) in bankTreeList.o
      bankTreeList::updatePatch(QString) in bankTreeList.o
      ...
  "QString::fromUtf8(QByteArrayView)", referenced from:
      editPage::editPage(QWidget*) in editPage.o
      editPage::editPage(QWidget*) in editPage.o
      editPage::editPage(QWidget*) in editPage.o
      editPage::newGroupBox(QString, QFlags<Qt::AlignmentFlag>) in editPage.o
      editPage::newGroupBox(QString, QFlags<Qt::AlignmentFlag>) in editPage.o
      editPage::newGroupBox(QString, QFlags<Qt::AlignmentFlag>) in editPage.o
      editPage::newGroupBox(QString, QFlags<Qt::AlignmentFlag>) in editPage.o
      editPage::newGroupBox(QString, QFlags<Qt::AlignmentFlag>) in editPage.o
      editPage::newGroupBox(QString, QFlags<Qt::AlignmentFlag>) in editPage.o
      editPage::newGroupBox(QString, QFlags<Qt::AlignmentFlag>) in editPage.o
      ...
  "QString::truncate(long long)", referenced from:
      customButton::customButton(QString, bool, QPoint, QWidget*, QString) in customButton.o
      fileDialog::valueChanged(QListWidgetItem*) in fileDialog.o
      fileDialog::audition(QListWidgetItem*) in fileDialog.o
      floorBoard::dropEvent(QDropEvent*) in floorBoard.o
      midiIO::run() in midiIO.o
      SysxIO::setFileSource(QString, QString) in SysxIO.o
      SysxIO::returnBulkPatchNames(QString) in SysxIO.o
      ...
  "QString::QString(QChar const*, long long)", referenced from:
      customButton::customButton(QString, bool, QPoint, QWidget*, QString) in customButton.o
  "QWidget::enterEvent(QEnterEvent*)", referenced from:
      vtable for customSplashScreen in customSplashScreen.o
      vtable for WindowPage in preferencesPages.o
      vtable for LanguagePage in preferencesPages.o
      vtable for StylePage in preferencesPages.o
      vtable for editPage in moc_editPage.o
      vtable for editWindow in moc_editWindow.o
      vtable for mainWindow in moc_mainWindow.o
      ...
  "QWidget::nativeEvent(QByteArray const&, void*, long long*)", referenced from:
      vtable for customSplashScreen in customSplashScreen.o
      vtable for WindowPage in preferencesPages.o
      vtable for LanguagePage in preferencesPages.o
      vtable for StylePage in preferencesPages.o
      vtable for editPage in moc_editPage.o
      vtable for editWindow in moc_editWindow.o
      vtable for mainWindow in moc_mainWindow.o
      ...
  "QPainter::setBrush(QColor)", referenced from:
      customDisplay::paintEvent(QPaintEvent*) in customDisplay.o
      customLabelDisplay::paintEvent(QPaintEvent*) in customLabelDisplay.o
  "QProcess::startDetached(QString const&, QList<QString> const&, QString const&, long long*)", referenced from:
      mainWindow::restart() in mainWindow.o
  "QVariant::moveConstruct(QMetaType, void*)", referenced from:
      preferencesDialog::createIcons(bool) in preferencesDialog.o
      preferencesDialog::createIcons(bool) in preferencesDialog.o
      preferencesDialog::createIcons(bool) in preferencesDialog.o
      preferencesDialog::createIcons(bool) in preferencesDialog.o
      preferencesDialog::createIcons(bool) in preferencesDialog.o
      preferencesDialog::createIcons(bool) in preferencesDialog.o
  "QVariant::QVariant(QSize)", referenced from:
      bankTreeList::newTreeList() in bankTreeList.o
      bankTreeList::newTreeList() in bankTreeList.o
  "QComboBox::insertItems(int, QList<QString> const&)", referenced from:
      bulkEditDialog::bulkEditDialog(int, int, QString, QString) in bulkEditDialog.o
      bulkEditDialog::bulkEditDialog(int, int, QString, QString) in bulkEditDialog.o
      bulkLoadDialog::updatePatch() in bulkLoadDialog.o
      bulkLoadDialog::updatePatch() in bulkLoadDialog.o
      customControlListMenu::setComboBox() in customControlListMenu.o
      customControlListMenu::setComboBox() in customControlListMenu.o
      customControlListMenu::setComboBox() in customControlListMenu.o
      ...
  "QHashSeed::globalSeed()", referenced from:
      QHashPrivate::Data<QHashPrivate::Node<QString, QString>>::detached(QHashPrivate::Data<QHashPrivate::Node<QString, QString>>*) in Preferences.o
  "QIODevice::write(QByteArray const&)", referenced from:
      bulkSaveDialog::writeSYX() in bulkSaveDialog.o
      summaryDialog::saveAs() in summaryDialog.o
      summaryDialogPatchList::saveAs() in summaryDialogPatchList.o
      summaryDialogSystem::saveAs() in summaryDialogSystem.o
      SysxIO::deBug(QString) in SysxIO.o
      sysxWriter::writeFile(QString) in sysxWriter.o
      sysxWriter::writeSystemFile(QString) in sysxWriter.o
      ...
  "QMetaType::registerHelper(QtPrivate::QMetaTypeInterface const*)", referenced from:
      preferencesDialog::createIcons(bool) in preferencesDialog.o
      preferencesDialog::createIcons(bool) in preferencesDialog.o
      preferencesDialog::createIcons(bool) in preferencesDialog.o
      preferencesDialog::createIcons(bool) in preferencesDialog.o
      preferencesDialog::createIcons(bool) in preferencesDialog.o
      preferencesDialog::createIcons(bool) in preferencesDialog.o
      QMetaTypeIdQObject<QFlags<Qt::AlignmentFlag>, 16>::qt_metatype_id() in preferencesDialog.o
      ...
  "QMetaType::registerNormalizedTypedef(QByteArray const&, QMetaType)", referenced from:
      QMetaTypeIdQObject<QFlags<Qt::AlignmentFlag>, 16>::qt_metatype_id() in preferencesDialog.o
      QMetaTypeIdQObject<editWindow*, 8>::qt_metatype_id() in moc_floorBoard.o
  "QtPrivate::lastIndexOf(QByteArrayView, long long, QByteArrayView)", referenced from:
      tsl_translation::TextTSL(QByteArray, char const*) in tsl_SY300_translation.o
      tsl_translation::convertFromTSL(int) in tsl_SY300_translation.o
  "QtPrivate::argToQString(QAnyStringView, unsigned long, QtPrivate::ArgBase const**)", referenced from:
      XmlWriterPrivate::openTag(QString const&, QHash<QString, QString> const&) in xmlwriter.o
  "QtPrivate::equalStrings(QStringView, QStringView)", referenced from:
      floorBoard::updateDrop() in floorBoard.o
      floorBoardDisplay::setPatchDisplay(QString) in floorBoardDisplay.o
      floorBoardDisplay::setPatchDisplay(QString) in floorBoardDisplay.o
      floorBoardDisplay::updateDisplay() in floorBoardDisplay.o
      initPatchListMenu::getInitPatchDir() in initPatchListMenu.o
      initPatchListMenu::getInitPatchDir() in initPatchListMenu.o
      summaryDialog::makeList() in summaryDialog.o
      ...
  "QtPrivate::findByteArray(QByteArrayView, long long, QByteArrayView)", referenced from:
      sysxWriter::readFile() in sysxWriter.o
      sysxWriter::readFile() in sysxWriter.o
      sysxWriter::GetJsonArray(QByteArray, int) in sysxWriter.o
      sysxWriter::GetJsonArray(QByteArray, int) in sysxWriter.o
      sysxWriter::GetJsonArray(QByteArray, int) in sysxWriter.o
      sysxWriter::convertTSL_to_default_B(int) in sysxWriter.o
      sysxWriter::convertTSL_to_default_B(int) in sysxWriter.o
      ...
  "QtPrivate::QStringList_indexOf(QList<QString> const&, QStringView, long long, Qt::CaseSensitivity)", referenced from:
      customControlListMenu::dialogUpdateSignal() in customControlListMenu.o
      customControlListMenu::dialogUpdateSignal() in customControlListMenu.o
      floorBoard::setStomps(QList<QString>) in floorBoard.o
      floorBoard::setStompPos(QString, int) in floorBoard.o
      floorBoard::setStompPos(QString, int) in floorBoard.o
      floorBoard::dropEvent(QDropEvent*) in floorBoard.o
      midiIO::getOutDevice() in midiIO.o
      ...
  "QtPrivate::QStringList_contains(QList<QString> const*, QStringView, Qt::CaseSensitivity)", referenced from:
      midiIO::getOutDevice() in midiIO.o
      midiIO::getInDevice() in midiIO.o
      MidiTable::getMidiMap(QString, QString, QString, QString) in MidiTable.o
      MidiTable::getMidiMap(QString, QString, QString, QString, QString) in MidiTable.o
      MidiTable::rangeToValue(Midi, QString) in MidiTable.o
      MidiTable::rangeToValue(Midi, QString) in MidiTable.o
      MidiTable::getSize(QString, QString) in MidiTable.o
      ...
  "QtPrivate::QMetaTypeInterfaceWrapper<QList<QString>>::metaType", referenced from:
      customMultiComboBox::qt_staticMetaObjectRelocatingContent<(anonymous namespace)::qt_meta_tag_ZN19customMultiComboBoxE_t> in moc_customMultiComboBox.o
  "QtPrivate::QMetaTypeInterfaceWrapper<QRect>::metaType", referenced from:
      bankTreeList::qt_staticMetaObjectRelocatingContent<(anonymous namespace)::qt_meta_tag_ZN12bankTreeListE_t> in moc_bankTreeList.o
      floorBoard::qt_staticMetaObjectRelocatingContent<(anonymous namespace)::qt_meta_tag_ZN10floorBoardE_t> in moc_floorBoard.o
  "QtPrivate::QMetaTypeInterfaceWrapper<QSize>::metaType", referenced from:
      mainWindow::qt_staticMetaObjectRelocatingContent<(anonymous namespace)::qt_meta_tag_ZN10mainWindowE_t> in moc_mainWindow.o
      mainWindow::qt_staticMetaObjectRelocatingContent<(anonymous namespace)::qt_meta_tag_ZN10mainWindowE_t> in moc_mainWindow.o
      floorBoard::qt_staticMetaObjectRelocatingContent<(anonymous namespace)::qt_meta_tag_ZN10floorBoardE_t> in moc_floorBoard.o
      floorBoard::qt_staticMetaObjectRelocatingContent<(anonymous namespace)::qt_meta_tag_ZN10floorBoardE_t> in moc_floorBoard.o
  "QtPrivate::QMetaTypeInterfaceWrapper<QPoint>::metaType", referenced from:
      dragBar::qt_staticMetaObjectRelocatingContent<(anonymous namespace)::qt_meta_tag_ZN7dragBarE_t> in moc_dragBar.o
      floorBoard::qt_staticMetaObjectRelocatingContent<(anonymous namespace)::qt_meta_tag_ZN10floorBoardE_t> in moc_floorBoard.o
      floorBoard::qt_staticMetaObjectRelocatingContent<(anonymous namespace)::qt_meta_tag_ZN10floorBoardE_t> in moc_floorBoard.o
      floorBoard::qt_staticMetaObjectRelocatingContent<(anonymous namespace)::qt_meta_tag_ZN10floorBoardE_t> in moc_floorBoard.o
      floorBoard::qt_staticMetaObjectRelocatingContent<(anonymous namespace)::qt_meta_tag_ZN10floorBoardE_t> in moc_floorBoard.o
      floorBoardDisplay::qt_staticMetaObjectRelocatingContent<(anonymous namespace)::qt_meta_tag_ZN17floorBoardDisplayE_t> in moc_floorBoardDisplay.o
      floorPanelBar::qt_staticMetaObjectRelocatingContent<(anonymous namespace)::qt_meta_tag_ZN13floorPanelBarE_t> in moc_floorPanelBar.o
      floorPanelBar::qt_staticMetaObjectRelocatingContent<(anonymous namespace)::qt_meta_tag_ZN13floorPanelBarE_t> in moc_floorPanelBar.o
      ...
  "QtPrivate::QMetaTypeInterfaceWrapper<QString>::metaType", referenced from:
      editPage::qt_staticMetaObjectRelocatingContent<(anonymous namespace)::qt_meta_tag_ZN8editPageE_t> in moc_editPage.o
      editPage::qt_staticMetaObjectRelocatingContent<(anonymous namespace)::qt_meta_tag_ZN8editPageE_t> in moc_editPage.o
      editPage::qt_staticMetaObjectRelocatingContent<(anonymous namespace)::qt_meta_tag_ZN8editPageE_t> in moc_editPage.o
      editPage::qt_staticMetaObjectRelocatingContent<(anonymous namespace)::qt_meta_tag_ZN8editPageE_t> in moc_editPage.o
      editWindow::qt_staticMetaObjectRelocatingContent<(anonymous namespace)::qt_meta_tag_ZN10editWindowE_t> in moc_editWindow.o
      bankTreeList::qt_staticMetaObjectRelocatingContent<(anonymous namespace)::qt_meta_tag_ZN12bankTreeListE_t> in moc_bankTreeList.o
      bankTreeList::qt_staticMetaObjectRelocatingContent<(anonymous namespace)::qt_meta_tag_ZN12bankTreeListE_t> in moc_bankTreeList.o
      bankTreeList::qt_staticMetaObjectRelocatingContent<(anonymous namespace)::qt_meta_tag_ZN12bankTreeListE_t> in moc_bankTreeList.o
      bankTreeList::qt_staticMetaObjectRelocatingContent<(anonymous namespace)::qt_meta_tag_ZN12bankTreeListE_t> in moc_bankTreeList.o
      ...
  "QtPrivate::QMetaTypeInterfaceWrapper<bool>::metaType", referenced from:
      editPage::qt_staticMetaObjectRelocatingContent<(anonymous namespace)::qt_meta_tag_ZN8editPageE_t> in moc_editPage.o
      customButton::qt_staticMetaObjectRelocatingContent<(anonymous namespace)::qt_meta_tag_ZN12customButtonE_t> in moc_customButton.o
      customButton::qt_staticMetaObjectRelocatingContent<(anonymous namespace)::qt_meta_tag_ZN12customButtonE_t> in moc_customButton.o
      customControlSwitch::qt_staticMetaObjectRelocatingContent<(anonymous namespace)::qt_meta_tag_ZN19customControlSwitchE_t> in moc_customControlSwitch.o
      customLed::qt_staticMetaObjectRelocatingContent<(anonymous namespace)::qt_meta_tag_ZN9customLedE_t> in moc_customLed.o
      customLogo::qt_staticMetaObjectRelocatingContent<(anonymous namespace)::qt_meta_tag_ZN10customLogoE_t> in moc_customLogo.o
      customPanelButton::qt_staticMetaObjectRelocatingContent<(anonymous namespace)::qt_meta_tag_ZN17customPanelButtonE_t> in moc_customPanelButton.o
      customPanelButton::qt_staticMetaObjectRelocatingContent<(anonymous namespace)::qt_meta_tag_ZN17customPanelButtonE_t> in moc_customPanelButton.o
      customPanelButton::qt_staticMetaObjectRelocatingContent<(anonymous namespace)::qt_meta_tag_ZN17customPanelButtonE_t> in moc_customPanelButton.o
      ...
  "QtPrivate::QMetaTypeInterfaceWrapper<int>::metaType", referenced from:
      editPage::qt_staticMetaObjectRelocatingContent<(anonymous namespace)::qt_meta_tag_ZN8editPageE_t> in moc_editPage.o
      editWindow::qt_staticMetaObjectRelocatingContent<(anonymous namespace)::qt_meta_tag_ZN10editWindowE_t> in moc_editWindow.o
      bankTreeList::qt_staticMetaObjectRelocatingContent<(anonymous namespace)::qt_meta_tag_ZN12bankTreeListE_t> in moc_bankTreeList.o
      bankTreeList::qt_staticMetaObjectRelocatingContent<(anonymous namespace)::qt_meta_tag_ZN12bankTreeListE_t> in moc_bankTreeList.o
      bankTreeList::qt_staticMetaObjectRelocatingContent<(anonymous namespace)::qt_meta_tag_ZN12bankTreeListE_t> in moc_bankTreeList.o
      bankTreeList::qt_staticMetaObjectRelocatingContent<(anonymous namespace)::qt_meta_tag_ZN12bankTreeListE_t> in moc_bankTreeList.o
      bankTreeList::qt_staticMetaObjectRelocatingContent<(anonymous namespace)::qt_meta_tag_ZN12bankTreeListE_t> in moc_bankTreeList.o
      bankTreeList::qt_staticMetaObjectRelocatingContent<(anonymous namespace)::qt_meta_tag_ZN12bankTreeListE_t> in moc_bankTreeList.o
      bankTreeList::qt_staticMetaObjectRelocatingContent<(anonymous namespace)::qt_meta_tag_ZN12bankTreeListE_t> in moc_bankTreeList.o
      bankTreeList::qt_staticMetaObjectRelocatingContent<(anonymous namespace)::qt_meta_tag_ZN12bankTreeListE_t> in moc_bankTreeList.o
      bankTreeList::qt_staticMetaObjectRelocatingContent<(anonymous namespace)::qt_meta_tag_ZN12bankTreeListE_t> in moc_bankTreeList.o
      bankTreeList::qt_staticMetaObjectRelocatingContent<(anonymous namespace)::qt_meta_tag_ZN12bankTreeListE_t> in moc_bankTreeList.o
      bankTreeList::qt_staticMetaObjectRelocatingContent<(anonymous namespace)::qt_meta_tag_ZN12bankTreeListE_t> in moc_bankTreeList.o
      bankTreeList::qt_staticMetaObjectRelocatingContent<(anonymous namespace)::qt_meta_tag_ZN12bankTreeListE_t> in moc_bankTreeList.o
      bankTreeList::qt_staticMetaObjectRelocatingContent<(anonymous namespace)::qt_meta_tag_ZN12bankTreeListE_t> in moc_bankTreeList.o
      bankTreeList::qt_staticMetaObjectRelocatingContent<(anonymous namespace)::qt_meta_tag_ZN12bankTreeListE_t> in moc_bankTreeList.o
      bankTreeList::qt_staticMetaObjectRelocatingContent<(anonymous namespace)::qt_meta_tag_ZN12bankTreeListE_t> in moc_bankTreeList.o
      ...
  "QtPrivate::QMetaTypeInterfaceWrapper<unsigned int>::metaType", referenced from:
      floorBoard::qt_staticMetaObjectRelocatingContent<(anonymous namespace)::qt_meta_tag_ZN10floorBoardE_t> in moc_floorBoard.o
      stompBox::qt_staticMetaObjectRelocatingContent<(anonymous namespace)::qt_meta_tag_ZN8stompBoxE_t> in moc_stompBox.o
      stompBox::qt_staticMetaObjectRelocatingContent<(anonymous namespace)::qt_meta_tag_ZN8stompBoxE_t> in moc_stompBox.o
  "QtPrivate::QMetaTypeInterfaceWrapper<unsigned short>::metaType", referenced from:
      customControlParaEQ::qt_staticMetaObjectRelocatingContent<(anonymous namespace)::qt_meta_tag_ZN19customControlParaEQE_t> in moc_customControlParaEQ.o
      customControlParaEQ::qt_staticMetaObjectRelocatingContent<(anonymous namespace)::qt_meta_tag_ZN19customControlParaEQE_t> in moc_customControlParaEQ.o
      customControlParaEQ::qt_staticMetaObjectRelocatingContent<(anonymous namespace)::qt_meta_tag_ZN19customControlParaEQE_t> in moc_customControlParaEQ.o
      customControlParaEQ::qt_staticMetaObjectRelocatingContent<(anonymous namespace)::qt_meta_tag_ZN19customControlParaEQE_t> in moc_customControlParaEQ.o
      customControlParaEQ::qt_staticMetaObjectRelocatingContent<(anonymous namespace)::qt_meta_tag_ZN19customControlParaEQE_t> in moc_customControlParaEQ.o
      customControlParaEQ::qt_staticMetaObjectRelocatingContent<(anonymous namespace)::qt_meta_tag_ZN19customControlParaEQE_t> in moc_customControlParaEQ.o
      customControlParaEQ::qt_staticMetaObjectRelocatingContent<(anonymous namespace)::qt_meta_tag_ZN19customControlParaEQE_t> in moc_customControlParaEQ.o
      customControlParaEQ::qt_staticMetaObjectRelocatingContent<(anonymous namespace)::qt_meta_tag_ZN19customControlParaEQE_t> in moc_customControlParaEQ.o
      customControlParaEQ::qt_staticMetaObjectRelocatingContent<(anonymous namespace)::qt_meta_tag_ZN19customControlParaEQE_t> in moc_customControlParaEQ.o
      customControlParaEQ::qt_staticMetaObjectRelocatingContent<(anonymous namespace)::qt_meta_tag_ZN19customControlParaEQE_t> in moc_customControlParaEQ.o
      customControlParaEQ::qt_staticMetaObjectRelocatingContent<(anonymous namespace)::qt_meta_tag_ZN19customControlParaEQE_t> in moc_customControlParaEQ.o
      ...
  "QtPrivate::count(QByteArrayView, QByteArrayView)", referenced from:
      sysxWriter::convertTSL_to_default_B(int) in sysxWriter.o
      sysxWriter::convertTSL_to_default_G(int) in sysxWriter.o
      tsl_translation::convertFromTSL(int) in tsl_SY300_translation.o
      tsl_GP10_translation::convertFromTSL(int) in tsl_GP10_translation.o
      tsl_GT1000_translation::convertFromTSL(int) in tsl_GT1000_translation.o
  "QEventPoint::position() const", referenced from:
      customButton::mousePressEvent(QMouseEvent*) in customButton.o
      customButton::mouseMoveEvent(QMouseEvent*) in customButton.o
      customDial::mouseHoverEvent(QHoverEvent*) in customDial.o
      customDial::mouseHoverEvent(QHoverEvent*) in customDial.o
      customDial::mousePressEvent(QMouseEvent*) in customDial.o
      customDial::mousePressEvent(QMouseEvent*) in customDial.o
      customDial::mousePressEvent(QMouseEvent*) in customDial.o
      customDial::mousePressEvent(QMouseEvent*) in customDial.o
      ...
  "QDir::mkpath(QString const&, std::__1::optional<QFlags<QFileDevice::Permission>>) const", referenced from:
      preferencesFilePath() in Preferences.o
  "QDir::entryList(QList<QString> const&, QFlags<QDir::Filter>, QFlags<QDir::SortFlag>) const", referenced from:
      initPatchListMenu::updateCombo() in initPatchListMenu.o
  "QString::lastIndexOf(QString const&, long long, Qt::CaseSensitivity) const", referenced from:
      initPatchListMenu::updateCombo() in initPatchListMenu.o
  "QString::toStdString() const", referenced from:
      bulkLoadDialog::bulkLoadDialog() in bulkLoadDialog.o
      customControlSpinBox::keyPressEvent(QKeyEvent*) in customControlSpinBox.o
      summaryDialogSystem::makeList() in summaryDialogSystem.o
  "QString::indexOf(QString const&, long long, Qt::CaseSensitivity) const", referenced from:
      editWindow::pageUpdateSignal() in editWindow.o
      editWindow::temp1() in editWindow.o
      editWindow::temp2() in editWindow.o
      editWindow::temp3() in editWindow.o
      editWindow::temp4() in editWindow.o
      editWindow::temp5() in editWindow.o
      mainWindow::exportSyx() in mainWindow.o
      ...
  "QString::section(QString const&, long long, long long, QFlags<QString::SectionFlag>) const", referenced from:
      floorBoardDisplay::setPatchDisplay(QString) in floorBoardDisplay.o
  "QByteArray::mid(long long, long long) const &", referenced from:
      bulkLoadDialog::bulkLoadDialog() in bulkLoadDialog.o
      bulkLoadDialog::bulkLoadDialog() in bulkLoadDialog.o
      sysxWriter::readFile() in sysxWriter.o
      sysxWriter::readFile() in sysxWriter.o
      sysxWriter::readFile() in sysxWriter.o
      sysxWriter::readFile() in sysxWriter.o
      sysxWriter::GetJsonArray(QByteArray, int) in sysxWriter.o
      sysxWriter::GetJsonArray(QByteArray, int) in sysxWriter.o
      ...
  "QString::mid(long long, long long) const &", referenced from:
      editWindow::temp1() in editWindow.o
      editWindow::temp_paste() in editWindow.o
      editWindow::temp_paste() in editWindow.o
      editWindow::temp_paste() in editWindow.o
      editWindow::temp_paste() in editWindow.o
      editWindow::temp_paste() in editWindow.o
      editWindow::temp_paste() in editWindow.o
      editWindow::temp_paste() in editWindow.o
      editWindow::temp_paste() in editWindow.o
      ...
  "QByteArray::mid(long long, long long) &&", referenced from:
      sysxWriter::convertTSL_to_default_B(int) in sysxWriter.o
      sysxWriter::convertTSL_to_default_B(int) in sysxWriter.o
      sysxWriter::convertTSL_to_default_G(int) in sysxWriter.o
      sysxWriter::convertTSL_to_default_G(int) in sysxWriter.o
      sysxWriter::TSL_G_to_hex_B() in sysxWriter.o
      sysxWriter::TSL_G_to_hex_B() in sysxWriter.o
      sysxWriter::TSL_G_to_hex_B() in sysxWriter.o
      ...
  "_qt_version_tag_6_10", referenced from:
      _qt_version_tag_6_10_use in editPage.o
ld: symbol(s) not found for architecture arm64
clang++: error: linker command failed with exit code 1 (use -v to see invocation)
make: *** [packager/SY-1000FloorBoard.app/Contents/MacOS/SY-1000FloorBoard] Error 1
