=========================================
 SY-1000FloorBoard Deploy
=========================================
Logging to: /Users/bsewell/010 MUSIC STUDIO /SY-1000/docs/logs/deploy-20260305-195746.log

--- Step 0: Generate Makefile with Qt5 qmake ---
Project MESSAGE: X-Code LIBRARIES SHOULD BE INSTALLED or ERROR will Occur
Project MESSAGE: Please install the X-Code Audio System packages if not present
Project MESSAGE: Including Mac OS X specific headers and sources...
qmake OK

--- Step 1: Build ---
/Applications/Xcode.app/Contents/Developer/Toolchains/XcodeDefault.xctoolchain/usr/bin/clang++ -c -pipe -stdlib=libc++ -O2  -arch arm64 -isysroot /Applications/Xcode.app/Contents/Developer/Platforms/MacOSX.platform/Developer/SDKs/MacOSX26.2.sdk -mmacosx-version-min=10.13 -Wall -Wextra -fPIC -DQT_NO_DEBUG -DQT_PRINTSUPPORT_LIB -DQT_WIDGETS_LIB -DQT_GUI_LIB -DQT_XML_LIB -DQT_CORE_LIB -I. -Igeneratedfiles -Igeneratedfiles/release -I. -I/opt/homebrew/Cellar/qt@5/5.15.18/lib/QtPrintSupport.framework/Headers -I/opt/homebrew/Cellar/qt@5/5.15.18/lib/QtWidgets.framework/Headers -I/opt/homebrew/Cellar/qt@5/5.15.18/lib/QtGui.framework/Headers -I/opt/homebrew/Cellar/qt@5/5.15.18/lib/QtXml.framework/Headers -I/opt/homebrew/Cellar/qt@5/5.15.18/lib/QtCore.framework/Headers -Igeneratedfiles/release -I/Applications/Xcode.app/Contents/Developer/Platforms/MacOSX.platform/Developer/SDKs/MacOSX26.2.sdk/System/Library/Frameworks/OpenGL.framework/Headers -I/opt/homebrew/Cellar/qt@5/5.15.18/mkspecs/macx-clang -F/opt/homebrew/Cellar/qt@5/5.15.18/lib -o release/floorBoard.o floorBoard.cpp
/Applications/Xcode.app/Contents/Developer/Toolchains/XcodeDefault.xctoolchain/usr/bin/clang++ -c -pipe -stdlib=libc++ -O2  -arch arm64 -isysroot /Applications/Xcode.app/Contents/Developer/Platforms/MacOSX.platform/Developer/SDKs/MacOSX26.2.sdk -mmacosx-version-min=10.13 -Wall -Wextra -fPIC -DQT_NO_DEBUG -DQT_PRINTSUPPORT_LIB -DQT_WIDGETS_LIB -DQT_GUI_LIB -DQT_XML_LIB -DQT_CORE_LIB -I. -Igeneratedfiles -Igeneratedfiles/release -I. -I/opt/homebrew/Cellar/qt@5/5.15.18/lib/QtPrintSupport.framework/Headers -I/opt/homebrew/Cellar/qt@5/5.15.18/lib/QtWidgets.framework/Headers -I/opt/homebrew/Cellar/qt@5/5.15.18/lib/QtGui.framework/Headers -I/opt/homebrew/Cellar/qt@5/5.15.18/lib/QtXml.framework/Headers -I/opt/homebrew/Cellar/qt@5/5.15.18/lib/QtCore.framework/Headers -Igeneratedfiles/release -I/Applications/Xcode.app/Contents/Developer/Platforms/MacOSX.platform/Developer/SDKs/MacOSX26.2.sdk/System/Library/Frameworks/OpenGL.framework/Headers -I/opt/homebrew/Cellar/qt@5/5.15.18/mkspecs/macx-clang -F/opt/homebrew/Cellar/qt@5/5.15.18/lib -o release/stompBox.o stompBox.cpp
/Applications/Xcode.app/Contents/Developer/Toolchains/XcodeDefault.xctoolchain/usr/bin/clang++ -stdlib=libc++ -headerpad_max_install_names  -arch arm64 -isysroot /Applications/Xcode.app/Contents/Developer/Platforms/MacOSX.platform/Developer/SDKs/MacOSX26.2.sdk -mmacosx-version-min=10.13 -Wl,-rpath,@executable_path/../Frameworks -o packager/SY-1000FloorBoard.app/Contents/MacOS/SY-1000FloorBoard release/editPage.o release/editWindow.o release/main.o release/mainWindow.o release/bankTreeList.o release/bulkEditDialog.o release/bulkLoadDialog.o release/bulkSaveDialog.o release/customButton.o release/customControlParaEQ.o release/customControlKnob.o release/customControlDataKnob.o release/customControlLabel.o release/customControlListMenu.o release/customControlMidiTable.o release/customControlRange.o release/customControlSpinBox.o release/customControlSwitch.o release/customControlTabMenu.o release/customControlTarget.o release/customControlVU.o release/customDial.o release/customDisplay.o release/customParaEQGraph.o release/customKnob.o release/customDataKnob.o release/customKnobTarget.o release/customKnobRange.o release/customLabelDisplay.o release/customLed.o release/customLogo.o release/customMeter.o release/customMultiComboBox.o release/customPanelButton.o release/customRangeDial.o release/customRenameDialog.o release/customRenameWidget.o release/customSlider.o release/customSplashScreen.o release/customStructure.o release/customSwitch.o release/customSwitch3way.o release/customSystemOverride.o release/customTargetDial.o release/customTargetListMenu.o release/customVU.o release/dragBar.o release/fileDialog.o release/floorBoard.o release/floorBoardDisplay.o release/floorPanelBar.o release/floorPanelBarButton.o release/initPatchListMenu.o release/menuPage.o release/menuPage_assign1.o release/menuPage_master.o release/menuPage_pdl.o release/menuPage_setup.o release/menuPage_system.o release/menuPage_tuner.o release/patchWriteDialog.o release/notesDialog.o release/renameDialog.o release/renameWidget.o release/RtMidi.o release/statusBarSymbol.o release/statusBarWidget.o release/soundSource_inst1.o release/soundSource_inst2.o release/soundSource_inst3.o release/soundSource_normal.o release/stompBox.o release/stompbox_amp.o release/stompbox_balancer1.o release/stompbox_balancer2.o release/stompbox_balancer3.o release/stompbox_branch_AB.o release/stompbox_ce.o release/stompbox_cs.o release/stompbox_dd1.o release/stompbox_dd2.o release/stompbox_dd3.o release/stompbox_divider.o release/stompbox_ds.o release/stompbox_eq1.o release/stompbox_eq2.o release/stompbox_fx1.o release/stompbox_fx2.o release/stompbox_fx3.o release/stompbox_fv1.o release/stompbox_fv2.o release/stompbox_lp.o release/stompbox_main_out_left.o release/stompbox_main_out_right.o release/stompbox_main_out_stereo.o release/stompbox_master.o release/stompbox_mixer.o release/stompbox_ns.o release/stompbox_rv.o release/stompbox_split.o release/stompbox_sub_out_left.o release/stompbox_sub_out_right.o release/stompbox_sub_out_stereo.o release/summaryDialog.o release/summaryDialogPatchList.o release/summaryDialogSystem.o release/midiIO.o release/midiIODestroyer.o release/MidiTable.o release/MidiTableDestroyer.o release/Preferences.o release/PreferencesDestroyer.o release/preferencesDialog.o release/preferencesPages.o release/SysxIO.o release/SysxIODestroyer.o release/sysxWriter.o release/tsl_SY300_translation.o release/tsl_GP10_translation.o release/tsl_GT1000_translation.o release/tsl_VG99_VB99_translation.o release/xmlwriter.o release/qrc_SY-1000FloorBoard.o release/moc_editPage.o release/moc_editWindow.o release/moc_mainWindow.o release/moc_bankTreeList.o release/moc_bulkEditDialog.o release/moc_bulkLoadDialog.o release/moc_bulkSaveDialog.o release/moc_customButton.o release/moc_customControlParaEQ.o release/moc_customControlKnob.o release/moc_customControlDataKnob.o release/moc_customControlRange.o release/moc_customControlLabel.o release/moc_customControlListMenu.o release/moc_customControlMidiTable.o release/moc_customControlSpinBox.o release/moc_customControlSwitch.o release/moc_customControlTabMenu.o release/moc_customControlTarget.o release/moc_customControlVU.o release/moc_customDial.o release/moc_customDisplay.o release/moc_customParaEQGraph.o release/moc_customKnob.o release/moc_customDataKnob.o release/moc_customKnobTarget.o release/moc_customKnobRange.o release/moc_customLabelDisplay.o release/moc_customLed.o release/moc_customLogo.o release/moc_customMeter.o release/moc_customMultiComboBox.o release/moc_customPanelButton.o release/moc_customRangeDial.o release/moc_customRenameDialog.o release/moc_customRenameWidget.o release/moc_customSlider.o release/moc_customStructure.o release/moc_customSwitch.o release/moc_customSwitch3way.o release/moc_customSystemOverride.o release/moc_customTargetDial.o release/moc_customTargetListMenu.o release/moc_customVU.o release/moc_dragBar.o release/moc_fileDialog.o release/moc_floorBoard.o release/moc_floorBoardDisplay.o release/moc_floorPanelBar.o release/moc_floorPanelBarButton.o release/moc_initPatchListMenu.o release/moc_menuPage.o release/moc_menuPage_assign1.o release/moc_menuPage_master.o release/moc_menuPage_pdl.o release/moc_menuPage_setup.o release/moc_menuPage_system.o release/moc_menuPage_tuner.o release/moc_notesDialog.o release/moc_patchWriteDialog.o release/moc_renameDialog.o release/moc_renameWidget.o release/moc_statusBarSymbol.o release/moc_statusBarWidget.o release/moc_soundSource_inst1.o release/moc_soundSource_inst2.o release/moc_soundSource_inst3.o release/moc_soundSource_normal.o release/moc_stompBox.o release/moc_stompbox_amp.o release/moc_stompbox_balancer1.o release/moc_stompbox_balancer2.o release/moc_stompbox_balancer3.o release/moc_stompbox_branch_AB.o release/moc_stompbox_ce.o release/moc_stompbox_cs.o release/moc_stompbox_dd1.o release/moc_stompbox_dd2.o release/moc_stompbox_dd3.o release/moc_stompbox_divider.o release/moc_stompbox_ds.o release/moc_stompbox_eq1.o release/moc_stompbox_eq2.o release/moc_stompbox_fx1.o release/moc_stompbox_fx2.o release/moc_stompbox_fx3.o release/moc_stompbox_fv1.o release/moc_stompbox_fv2.o release/moc_stompbox_lp.o release/moc_stompbox_main_out_left.o release/moc_stompbox_main_out_right.o release/moc_stompbox_main_out_stereo.o release/moc_stompbox_master.o release/moc_stompbox_mixer.o release/moc_stompbox_ns.o release/moc_stompbox_rv.o release/moc_stompbox_split.o release/moc_stompbox_sub_out_left.o release/moc_stompbox_sub_out_right.o release/moc_stompbox_sub_out_stereo.o release/moc_midiIO.o release/moc_summaryDialog.o release/moc_summaryDialogPatchList.o release/moc_summaryDialogSystem.o release/moc_SysxIO.o release/moc_tsl_SY300_translation.o release/moc_tsl_GP10_translation.o release/moc_tsl_GT1000_translation.o release/moc_tsl_VG99_VB99_translation.o release/moc_preferencesDialog.o release/moc_preferencesPages.o   -F/opt/homebrew/Cellar/qt@5/5.15.18/lib -framework CoreMidi -framework CoreAudio -framework CoreFoundation -framework QtPrintSupport -framework QtWidgets -framework QtGui -framework AppKit -framework Metal -framework QtXml -framework QtCore -framework DiskArbitration -framework IOKit -framework OpenGL   
Build OK

--- Step 2: macdeployqt (bundle Qt frameworks) ---
  Fixing plugin install names (LC_ID_DYLIB)...
/Applications/Xcode.app/Contents/Developer/Toolchains/XcodeDefault.xctoolchain/usr/bin/install_name_tool: warning: changes being made to the file will invalidate the code signature in: /Users/bsewell/010 MUSIC STUDIO /SY-1000/packager/SY-1000FloorBoard.app/Contents/PlugIns/platforminputcontexts/libqtvirtualkeyboardplugin.dylib
/Applications/Xcode.app/Contents/Developer/Toolchains/XcodeDefault.xctoolchain/usr/bin/install_name_tool: warning: changes being made to the file will invalidate the code signature in: /Users/bsewell/010 MUSIC STUDIO /SY-1000/packager/SY-1000FloorBoard.app/Contents/PlugIns/platforms/libqcocoa.dylib
/Applications/Xcode.app/Contents/Developer/Toolchains/XcodeDefault.xctoolchain/usr/bin/install_name_tool: warning: changes being made to the file will invalidate the code signature in: /Users/bsewell/010 MUSIC STUDIO /SY-1000/packager/SY-1000FloorBoard.app/Contents/PlugIns/printsupport/libcocoaprintersupport.dylib
/Applications/Xcode.app/Contents/Developer/Toolchains/XcodeDefault.xctoolchain/usr/bin/install_name_tool: warning: changes being made to the file will invalidate the code signature in: /Users/bsewell/010 MUSIC STUDIO /SY-1000/packager/SY-1000FloorBoard.app/Contents/PlugIns/styles/libqmacstyle.dylib
/Applications/Xcode.app/Contents/Developer/Toolchains/XcodeDefault.xctoolchain/usr/bin/install_name_tool: warning: changes being made to the file will invalidate the code signature in: /Users/bsewell/010 MUSIC STUDIO /SY-1000/packager/SY-1000FloorBoard.app/Contents/PlugIns/iconengines/libqsvgicon.dylib
/Applications/Xcode.app/Contents/Developer/Toolchains/XcodeDefault.xctoolchain/usr/bin/install_name_tool: warning: changes being made to the file will invalidate the code signature in: /Users/bsewell/010 MUSIC STUDIO /SY-1000/packager/SY-1000FloorBoard.app/Contents/PlugIns/imageformats/libqgif.dylib
/Applications/Xcode.app/Contents/Developer/Toolchains/XcodeDefault.xctoolchain/usr/bin/install_name_tool: warning: changes being made to the file will invalidate the code signature in: /Users/bsewell/010 MUSIC STUDIO /SY-1000/packager/SY-1000FloorBoard.app/Contents/PlugIns/imageformats/libqwbmp.dylib
/Applications/Xcode.app/Contents/Developer/Toolchains/XcodeDefault.xctoolchain/usr/bin/install_name_tool: warning: changes being made to the file will invalidate the code signature in: /Users/bsewell/010 MUSIC STUDIO /SY-1000/packager/SY-1000FloorBoard.app/Contents/PlugIns/imageformats/libqwebp.dylib
/Applications/Xcode.app/Contents/Developer/Toolchains/XcodeDefault.xctoolchain/usr/bin/install_name_tool: warning: changes being made to the file will invalidate the code signature in: /Users/bsewell/010 MUSIC STUDIO /SY-1000/packager/SY-1000FloorBoard.app/Contents/PlugIns/imageformats/libqico.dylib
/Applications/Xcode.app/Contents/Developer/Toolchains/XcodeDefault.xctoolchain/usr/bin/install_name_tool: warning: changes being made to the file will invalidate the code signature in: /Users/bsewell/010 MUSIC STUDIO /SY-1000/packager/SY-1000FloorBoard.app/Contents/PlugIns/imageformats/libqmacheif.dylib
/Applications/Xcode.app/Contents/Developer/Toolchains/XcodeDefault.xctoolchain/usr/bin/install_name_tool: warning: changes being made to the file will invalidate the code signature in: /Users/bsewell/010 MUSIC STUDIO /SY-1000/packager/SY-1000FloorBoard.app/Contents/PlugIns/imageformats/libqjpeg.dylib
/Applications/Xcode.app/Contents/Developer/Toolchains/XcodeDefault.xctoolchain/usr/bin/install_name_tool: warning: changes being made to the file will invalidate the code signature in: /Users/bsewell/010 MUSIC STUDIO /SY-1000/packager/SY-1000FloorBoard.app/Contents/PlugIns/imageformats/libqtiff.dylib
/Applications/Xcode.app/Contents/Developer/Toolchains/XcodeDefault.xctoolchain/usr/bin/install_name_tool: warning: changes being made to the file will invalidate the code signature in: /Users/bsewell/010 MUSIC STUDIO /SY-1000/packager/SY-1000FloorBoard.app/Contents/PlugIns/imageformats/libqicns.dylib
/Applications/Xcode.app/Contents/Developer/Toolchains/XcodeDefault.xctoolchain/usr/bin/install_name_tool: warning: changes being made to the file will invalidate the code signature in: /Users/bsewell/010 MUSIC STUDIO /SY-1000/packager/SY-1000FloorBoard.app/Contents/PlugIns/imageformats/libqtga.dylib
/Applications/Xcode.app/Contents/Developer/Toolchains/XcodeDefault.xctoolchain/usr/bin/install_name_tool: warning: changes being made to the file will invalidate the code signature in: /Users/bsewell/010 MUSIC STUDIO /SY-1000/packager/SY-1000FloorBoard.app/Contents/PlugIns/imageformats/libqmacjp2.dylib
/Applications/Xcode.app/Contents/Developer/Toolchains/XcodeDefault.xctoolchain/usr/bin/install_name_tool: warning: changes being made to the file will invalidate the code signature in: /Users/bsewell/010 MUSIC STUDIO /SY-1000/packager/SY-1000FloorBoard.app/Contents/PlugIns/virtualkeyboard/libqtvirtualkeyboard_thai.dylib
/Applications/Xcode.app/Contents/Developer/Toolchains/XcodeDefault.xctoolchain/usr/bin/install_name_tool: warning: changes being made to the file will invalidate the code signature in: /Users/bsewell/010 MUSIC STUDIO /SY-1000/packager/SY-1000FloorBoard.app/Contents/PlugIns/virtualkeyboard/libqtvirtualkeyboard_openwnn.dylib
/Applications/Xcode.app/Contents/Developer/Toolchains/XcodeDefault.xctoolchain/usr/bin/install_name_tool: warning: changes being made to the file will invalidate the code signature in: /Users/bsewell/010 MUSIC STUDIO /SY-1000/packager/SY-1000FloorBoard.app/Contents/PlugIns/virtualkeyboard/libqtvirtualkeyboard_hangul.dylib
/Applications/Xcode.app/Contents/Developer/Toolchains/XcodeDefault.xctoolchain/usr/bin/install_name_tool: warning: changes being made to the file will invalidate the code signature in: /Users/bsewell/010 MUSIC STUDIO /SY-1000/packager/SY-1000FloorBoard.app/Contents/PlugIns/virtualkeyboard/libqtvirtualkeyboard_pinyin.dylib
/Applications/Xcode.app/Contents/Developer/Toolchains/XcodeDefault.xctoolchain/usr/bin/install_name_tool: warning: changes being made to the file will invalidate the code signature in: /Users/bsewell/010 MUSIC STUDIO /SY-1000/packager/SY-1000FloorBoard.app/Contents/PlugIns/virtualkeyboard/libqtvirtualkeyboard_tcime.dylib
  Install names fixed.
macdeployqt OK

--- Step 3: Bottom-up codesign ---
  Signing frameworks...
/Users/bsewell/010 MUSIC STUDIO /SY-1000/packager/SY-1000FloorBoard.app/Contents/Frameworks/QtCore.framework: replacing existing signature
/Users/bsewell/010 MUSIC STUDIO /SY-1000/packager/SY-1000FloorBoard.app/Contents/Frameworks/QtDBus.framework: replacing existing signature
/Users/bsewell/010 MUSIC STUDIO /SY-1000/packager/SY-1000FloorBoard.app/Contents/Frameworks/QtGui.framework: replacing existing signature
/Users/bsewell/010 MUSIC STUDIO /SY-1000/packager/SY-1000FloorBoard.app/Contents/Frameworks/QtNetwork.framework: replacing existing signature
/Users/bsewell/010 MUSIC STUDIO /SY-1000/packager/SY-1000FloorBoard.app/Contents/Frameworks/QtPrintSupport.framework: replacing existing signature
/Users/bsewell/010 MUSIC STUDIO /SY-1000/packager/SY-1000FloorBoard.app/Contents/Frameworks/QtQml.framework: replacing existing signature
/Users/bsewell/010 MUSIC STUDIO /SY-1000/packager/SY-1000FloorBoard.app/Contents/Frameworks/QtQmlModels.framework: replacing existing signature
/Users/bsewell/010 MUSIC STUDIO /SY-1000/packager/SY-1000FloorBoard.app/Contents/Frameworks/QtQuick.framework: replacing existing signature
/Users/bsewell/010 MUSIC STUDIO /SY-1000/packager/SY-1000FloorBoard.app/Contents/Frameworks/QtSvg.framework: replacing existing signature
/Users/bsewell/010 MUSIC STUDIO /SY-1000/packager/SY-1000FloorBoard.app/Contents/Frameworks/QtVirtualKeyboard.framework: replacing existing signature
/Users/bsewell/010 MUSIC STUDIO /SY-1000/packager/SY-1000FloorBoard.app/Contents/Frameworks/QtWidgets.framework: replacing existing signature
/Users/bsewell/010 MUSIC STUDIO /SY-1000/packager/SY-1000FloorBoard.app/Contents/Frameworks/QtXml.framework: replacing existing signature
/Users/bsewell/010 MUSIC STUDIO /SY-1000/packager/SY-1000FloorBoard.app/Contents/Frameworks/libfreetype.6.dylib: replacing existing signature
/Users/bsewell/010 MUSIC STUDIO /SY-1000/packager/SY-1000FloorBoard.app/Contents/Frameworks/libglib-2.0.0.dylib: replacing existing signature
/Users/bsewell/010 MUSIC STUDIO /SY-1000/packager/SY-1000FloorBoard.app/Contents/Frameworks/libgthread-2.0.0.dylib: replacing existing signature
/Users/bsewell/010 MUSIC STUDIO /SY-1000/packager/SY-1000FloorBoard.app/Contents/Frameworks/libintl.8.dylib: replacing existing signature
/Users/bsewell/010 MUSIC STUDIO /SY-1000/packager/SY-1000FloorBoard.app/Contents/Frameworks/libjpeg.8.dylib: replacing existing signature
/Users/bsewell/010 MUSIC STUDIO /SY-1000/packager/SY-1000FloorBoard.app/Contents/Frameworks/liblzma.5.dylib: replacing existing signature
/Users/bsewell/010 MUSIC STUDIO /SY-1000/packager/SY-1000FloorBoard.app/Contents/Frameworks/libmd4c.0.dylib: replacing existing signature
/Users/bsewell/010 MUSIC STUDIO /SY-1000/packager/SY-1000FloorBoard.app/Contents/Frameworks/libpcre2-16.0.dylib: replacing existing signature
/Users/bsewell/010 MUSIC STUDIO /SY-1000/packager/SY-1000FloorBoard.app/Contents/Frameworks/libpcre2-8.0.dylib: replacing existing signature
/Users/bsewell/010 MUSIC STUDIO /SY-1000/packager/SY-1000FloorBoard.app/Contents/Frameworks/libpng16.16.dylib: replacing existing signature
/Users/bsewell/010 MUSIC STUDIO /SY-1000/packager/SY-1000FloorBoard.app/Contents/Frameworks/libtiff.6.dylib: replacing existing signature
/Users/bsewell/010 MUSIC STUDIO /SY-1000/packager/SY-1000FloorBoard.app/Contents/Frameworks/libwebp.7.dylib: replacing existing signature
/Users/bsewell/010 MUSIC STUDIO /SY-1000/packager/SY-1000FloorBoard.app/Contents/Frameworks/libwebpdemux.2.dylib: replacing existing signature
/Users/bsewell/010 MUSIC STUDIO /SY-1000/packager/SY-1000FloorBoard.app/Contents/Frameworks/libwebpmux.3.dylib: replacing existing signature
/Users/bsewell/010 MUSIC STUDIO /SY-1000/packager/SY-1000FloorBoard.app/Contents/Frameworks/libzstd.1.dylib: replacing existing signature
  Signing plugins...
/Users/bsewell/010 MUSIC STUDIO /SY-1000/packager/SY-1000FloorBoard.app/Contents/PlugIns/iconengines/libqsvgicon.dylib: replacing existing signature
/Users/bsewell/010 MUSIC STUDIO /SY-1000/packager/SY-1000FloorBoard.app/Contents/PlugIns/imageformats/libqgif.dylib: replacing existing signature
/Users/bsewell/010 MUSIC STUDIO /SY-1000/packager/SY-1000FloorBoard.app/Contents/PlugIns/imageformats/libqicns.dylib: replacing existing signature
/Users/bsewell/010 MUSIC STUDIO /SY-1000/packager/SY-1000FloorBoard.app/Contents/PlugIns/imageformats/libqico.dylib: replacing existing signature
/Users/bsewell/010 MUSIC STUDIO /SY-1000/packager/SY-1000FloorBoard.app/Contents/PlugIns/imageformats/libqjpeg.dylib: replacing existing signature
/Users/bsewell/010 MUSIC STUDIO /SY-1000/packager/SY-1000FloorBoard.app/Contents/PlugIns/imageformats/libqmacheif.dylib: replacing existing signature
/Users/bsewell/010 MUSIC STUDIO /SY-1000/packager/SY-1000FloorBoard.app/Contents/PlugIns/imageformats/libqmacjp2.dylib: replacing existing signature
/Users/bsewell/010 MUSIC STUDIO /SY-1000/packager/SY-1000FloorBoard.app/Contents/PlugIns/imageformats/libqtga.dylib: replacing existing signature
/Users/bsewell/010 MUSIC STUDIO /SY-1000/packager/SY-1000FloorBoard.app/Contents/PlugIns/imageformats/libqtiff.dylib: replacing existing signature
/Users/bsewell/010 MUSIC STUDIO /SY-1000/packager/SY-1000FloorBoard.app/Contents/PlugIns/imageformats/libqwbmp.dylib: replacing existing signature
/Users/bsewell/010 MUSIC STUDIO /SY-1000/packager/SY-1000FloorBoard.app/Contents/PlugIns/imageformats/libqwebp.dylib: replacing existing signature
/Users/bsewell/010 MUSIC STUDIO /SY-1000/packager/SY-1000FloorBoard.app/Contents/PlugIns/platforminputcontexts/libqtvirtualkeyboardplugin.dylib: replacing existing signature
/Users/bsewell/010 MUSIC STUDIO /SY-1000/packager/SY-1000FloorBoard.app/Contents/PlugIns/platforms/libqcocoa.dylib: replacing existing signature
/Users/bsewell/010 MUSIC STUDIO /SY-1000/packager/SY-1000FloorBoard.app/Contents/PlugIns/printsupport/libcocoaprintersupport.dylib: replacing existing signature
/Users/bsewell/010 MUSIC STUDIO /SY-1000/packager/SY-1000FloorBoard.app/Contents/PlugIns/styles/libqmacstyle.dylib: replacing existing signature
/Users/bsewell/010 MUSIC STUDIO /SY-1000/packager/SY-1000FloorBoard.app/Contents/PlugIns/virtualkeyboard/libqtvirtualkeyboard_hangul.dylib: replacing existing signature
/Users/bsewell/010 MUSIC STUDIO /SY-1000/packager/SY-1000FloorBoard.app/Contents/PlugIns/virtualkeyboard/libqtvirtualkeyboard_openwnn.dylib: replacing existing signature
/Users/bsewell/010 MUSIC STUDIO /SY-1000/packager/SY-1000FloorBoard.app/Contents/PlugIns/virtualkeyboard/libqtvirtualkeyboard_pinyin.dylib: replacing existing signature
/Users/bsewell/010 MUSIC STUDIO /SY-1000/packager/SY-1000FloorBoard.app/Contents/PlugIns/virtualkeyboard/libqtvirtualkeyboard_tcime.dylib: replacing existing signature
/Users/bsewell/010 MUSIC STUDIO /SY-1000/packager/SY-1000FloorBoard.app/Contents/PlugIns/virtualkeyboard/libqtvirtualkeyboard_thai.dylib: replacing existing signature
  Signing executable...
/Users/bsewell/010 MUSIC STUDIO /SY-1000/packager/SY-1000FloorBoard.app/Contents/MacOS/SY-1000FloorBoard: replacing existing signature
  Signing app bundle...
/Users/bsewell/010 MUSIC STUDIO /SY-1000/packager/SY-1000FloorBoard.app: replacing existing signature
  Verifying signature...
  Signature VALID

--- Step 4: Deploy to /Applications ---
  Old app moved to: /Applications/SY-1000FloorBoard.app.bak.195904
  Copied to: /Applications/SY-1000FloorBoard.app
  Re-signing deployed bundle (bottom-up)...
/Applications/SY-1000FloorBoard.app/Contents/Frameworks/QtCore.framework: replacing existing signature
/Applications/SY-1000FloorBoard.app/Contents/Frameworks/QtDBus.framework: replacing existing signature
/Applications/SY-1000FloorBoard.app/Contents/Frameworks/QtGui.framework: replacing existing signature
/Applications/SY-1000FloorBoard.app/Contents/Frameworks/QtNetwork.framework: replacing existing signature
/Applications/SY-1000FloorBoard.app/Contents/Frameworks/QtPrintSupport.framework: replacing existing signature
/Applications/SY-1000FloorBoard.app/Contents/Frameworks/QtQml.framework: replacing existing signature
/Applications/SY-1000FloorBoard.app/Contents/Frameworks/QtQmlModels.framework: replacing existing signature
/Applications/SY-1000FloorBoard.app/Contents/Frameworks/QtQuick.framework: replacing existing signature
/Applications/SY-1000FloorBoard.app/Contents/Frameworks/QtSvg.framework: replacing existing signature
/Applications/SY-1000FloorBoard.app/Contents/Frameworks/QtVirtualKeyboard.framework: replacing existing signature
/Applications/SY-1000FloorBoard.app/Contents/Frameworks/QtWidgets.framework: replacing existing signature
/Applications/SY-1000FloorBoard.app/Contents/Frameworks/QtXml.framework: replacing existing signature
/Applications/SY-1000FloorBoard.app/Contents/Frameworks/libfreetype.6.dylib: replacing existing signature
/Applications/SY-1000FloorBoard.app/Contents/Frameworks/libglib-2.0.0.dylib: replacing existing signature
/Applications/SY-1000FloorBoard.app/Contents/Frameworks/libgthread-2.0.0.dylib: replacing existing signature
/Applications/SY-1000FloorBoard.app/Contents/Frameworks/libintl.8.dylib: replacing existing signature
/Applications/SY-1000FloorBoard.app/Contents/Frameworks/libjpeg.8.dylib: replacing existing signature
/Applications/SY-1000FloorBoard.app/Contents/Frameworks/liblzma.5.dylib: replacing existing signature
/Applications/SY-1000FloorBoard.app/Contents/Frameworks/libmd4c.0.dylib: replacing existing signature
/Applications/SY-1000FloorBoard.app/Contents/Frameworks/libpcre2-16.0.dylib: replacing existing signature
/Applications/SY-1000FloorBoard.app/Contents/Frameworks/libpcre2-8.0.dylib: replacing existing signature
/Applications/SY-1000FloorBoard.app/Contents/Frameworks/libpng16.16.dylib: replacing existing signature
/Applications/SY-1000FloorBoard.app/Contents/Frameworks/libtiff.6.dylib: replacing existing signature
/Applications/SY-1000FloorBoard.app/Contents/Frameworks/libwebp.7.dylib: replacing existing signature
/Applications/SY-1000FloorBoard.app/Contents/Frameworks/libwebpdemux.2.dylib: replacing existing signature
/Applications/SY-1000FloorBoard.app/Contents/Frameworks/libwebpmux.3.dylib: replacing existing signature
/Applications/SY-1000FloorBoard.app/Contents/Frameworks/libzstd.1.dylib: replacing existing signature
/Applications/SY-1000FloorBoard.app/Contents/PlugIns/iconengines/libqsvgicon.dylib: replacing existing signature
/Applications/SY-1000FloorBoard.app/Contents/PlugIns/imageformats/libqgif.dylib: replacing existing signature
/Applications/SY-1000FloorBoard.app/Contents/PlugIns/imageformats/libqicns.dylib: replacing existing signature
/Applications/SY-1000FloorBoard.app/Contents/PlugIns/imageformats/libqico.dylib: replacing existing signature
/Applications/SY-1000FloorBoard.app/Contents/PlugIns/imageformats/libqjpeg.dylib: replacing existing signature
/Applications/SY-1000FloorBoard.app/Contents/PlugIns/imageformats/libqmacheif.dylib: replacing existing signature
/Applications/SY-1000FloorBoard.app/Contents/PlugIns/imageformats/libqmacjp2.dylib: replacing existing signature
/Applications/SY-1000FloorBoard.app/Contents/PlugIns/imageformats/libqtga.dylib: replacing existing signature
/Applications/SY-1000FloorBoard.app/Contents/PlugIns/imageformats/libqtiff.dylib: replacing existing signature
/Applications/SY-1000FloorBoard.app/Contents/PlugIns/imageformats/libqwbmp.dylib: replacing existing signature
/Applications/SY-1000FloorBoard.app/Contents/PlugIns/imageformats/libqwebp.dylib: replacing existing signature
/Applications/SY-1000FloorBoard.app/Contents/PlugIns/platforminputcontexts/libqtvirtualkeyboardplugin.dylib: replacing existing signature
/Applications/SY-1000FloorBoard.app/Contents/PlugIns/platforms/libqcocoa.dylib: replacing existing signature
/Applications/SY-1000FloorBoard.app/Contents/PlugIns/printsupport/libcocoaprintersupport.dylib: replacing existing signature
/Applications/SY-1000FloorBoard.app/Contents/PlugIns/styles/libqmacstyle.dylib: replacing existing signature
/Applications/SY-1000FloorBoard.app/Contents/PlugIns/virtualkeyboard/libqtvirtualkeyboard_hangul.dylib: replacing existing signature
/Applications/SY-1000FloorBoard.app/Contents/PlugIns/virtualkeyboard/libqtvirtualkeyboard_openwnn.dylib: replacing existing signature
/Applications/SY-1000FloorBoard.app/Contents/PlugIns/virtualkeyboard/libqtvirtualkeyboard_pinyin.dylib: replacing existing signature
/Applications/SY-1000FloorBoard.app/Contents/PlugIns/virtualkeyboard/libqtvirtualkeyboard_tcime.dylib: replacing existing signature
/Applications/SY-1000FloorBoard.app/Contents/PlugIns/virtualkeyboard/libqtvirtualkeyboard_thai.dylib: replacing existing signature
/Applications/SY-1000FloorBoard.app/Contents/MacOS/SY-1000FloorBoard: replacing existing signature
/Applications/SY-1000FloorBoard.app: replacing existing signature
  /Applications signature VALID
  Resume state cleared

--- Step 5: Launch ---

=========================================
 Deploy complete. Check startup log with:
   cat ~/Library/Application\ Support/Gumtown/SY-1000FloorBoard/startup.log
 Startup snapshot saved to: /Users/bsewell/010 MUSIC STUDIO /SY-1000/docs/logs/startup-20260305-195746.log
=========================================
