2026-03-05 17:56:42 [pid:48952] =======================================================
2026-03-05 17:56:42 [pid:48952]   SY-1000FloorBoard Startup Log
2026-03-05 17:56:42 [pid:48952]   Version: 2026.03.05
2026-03-05 17:56:42 [pid:48952] =======================================================
2026-03-05 17:56:42 [pid:48952] STEP 0: Crash log initialised.
2026-03-05 17:56:42 [pid:48952] LAUNCH CONTEXT: pid=48952 cwd=/
2026-03-05 17:56:42 [pid:48952] STEP 0b: Signal handlers and Qt message handler installed.
2026-03-05 17:56:42 [pid:48952] STEP 1: About to construct QApplication...
2026-03-05 17:56:42 [pid:48952] STEP 2: QApplication constructed OK.
2026-03-05 17:56:42 [pid:48952] STEP 3: App name/org set.
2026-03-05 17:56:42 [pid:48952] STEP 4: About to load Preferences...
2026-03-05 17:56:42 [pid:48952] STEP 5: Preferences loaded.
2026-03-05 17:56:42 [pid:48952] STEP 6: Setting Qt style: Fusion
2026-03-05 17:56:42 [pid:48952] STEP 6b: Qt style applied.
2026-03-05 17:56:42 [pid:48952] STEP 7: scale=1.07  font=1.07  screen=1728x1084
2026-03-05 17:56:42 [pid:48952] STEP 8: SysxIO initialised.
2026-03-05 17:56:42 [pid:48952] STEP 9: Loading splash image...
2026-03-05 17:56:42 [pid:48952] STEP 10: Splash shown.
2026-03-05 17:56:42 [pid:48952] STEP 11: Constructing mainWindow...
2026-03-05 17:56:42 [pid:48952] [Qt WARNING] ?:0 ? | MW-A: setFixedSize ratio=1.07
2026-03-05 17:56:42 [pid:48952] [Qt WARNING] ?:0 ? | MW-B: constructing floorBoard...
2026-03-05 17:56:43 [pid:48952] [Qt WARNING] ?:0 ? | MIDI_ROUTE type=identity outPort=1 outName=SY-1000 inPort=1 inName=SY-1000 bytes=6
2026-03-05 17:56:44 [pid:48952] [Qt WARNING] ?:0 ? | MW-C: floorBoard constructed OK
2026-03-05 17:56:44 [pid:48952] [Qt WARNING] ?:0 ? | MW-D: loading stylesheet colour=1 path=:/qss/black.qss
2026-03-05 17:56:45 [pid:48952] [Qt WARNING] ?:0 ? | MW-E: stylesheet applied
2026-03-05 17:56:45 [pid:48952] [Qt WARNING] ?:0 ? | MW-F: createActions...
2026-03-05 17:56:45 [pid:48952] [Qt WARNING] ?:0 ? | MW-G: createMenus...
2026-03-05 17:56:45 [pid:48952] [Qt WARNING] ?:0 ? | MW-H: createStatusBar...
2026-03-05 17:56:45 [pid:48952] [Qt WARNING] ?:0 ? | MW-I: setCentralWidget...
2026-03-05 17:56:45 [pid:48952] [Qt WARNING] ?:0 ? | MW-J: SysxIO connect...
2026-03-05 17:56:45 [pid:48952] [Qt WARNING] ?:0 ? | MW-K: mainWindow constructor complete
2026-03-05 17:56:45 [pid:48952] STEP 12: mainWindow constructed OK.
2026-03-05 17:56:45 [pid:48952] [Qt WARNING] ?:0 ? | MIDI_ROUTE type=bulkNames outPort=1 outName=SY-1000 inPort=1 inName=SY-1000 bytes=18
2026-03-05 17:56:46 [pid:48952] STEP 13: Loading MIDI map...
2026-03-05 17:56:46 [pid:48952] STEP 14: MIDI map loaded.
2026-03-05 17:56:46 [pid:48952] STEP 15: Window geometry set.
2026-03-05 17:56:46 [pid:48952] STEP 16: Window shown. Entering event loop...
2026-03-05 17:56:46 [pid:48952] [Qt WARNING] ?:0 ? | MIDI_ROUTE type=system outPort=1 outName=SY-1000 inPort=1 inName=SY-1000 bytes=18
2026-03-05 17:56:47 [pid:48952] [Qt WARNING] ?:0 ? | MIDI_ROUTE type=patch outPort=1 outName=SY-1000 inPort=1 inName=SY-1000 bytes=18
2026-03-05 17:56:50 [pid:48952] [Qt WARNING] ?:0 ? | MIDI_ROUTE type=send only outPort=1 outName=SY-1000 inPort=1 inName=SY-1000 bytes=15
2026-03-05 17:56:50 [pid:48952] [Qt WARNING] ?:0 ? | MIDI_ROUTE type=command_send_wait_reply outPort=1 outName=SY-1000 inPort=1 inName=SY-1000 bytes=15
2026-03-05 17:56:50 [pid:48952] [Qt WARNING] ?:0 ? | MIDI_ROUTE type=send only outPort=1 outName=SY-1000 inPort=1 inName=SY-1000 bytes=18
2026-03-05 17:56:50 [pid:48952] [Qt WARNING] ?:0 ? | MIDI_ROUTE type=send only outPort=1 outName=SY-1000 inPort=1 inName=SY-1000 bytes=15
2026-03-05 17:57:57 [pid:48952] [Qt WARNING] ?:0 ? | MIDI_ROUTE type=command_send_wait_reply outPort=1 outName=SY-1000 inPort=1 inName=SY-1000 bytes=15
2026-03-05 17:57:57 [pid:48952] [Qt WARNING] ?:0 ? | MIDI_ROUTE type=patch outPort=1 outName=SY-1000 inPort=1 inName=SY-1000 bytes=18
2026-03-05 17:57:57 [pid:48952] [Qt WARNING] ?:0 ? | MIDI_ROUTE type=patch outPort=1 outName=SY-1000 inPort=1 inName=SY-1000 bytes=18
2026-03-05 17:57:57 [pid:48952] [Qt WARNING] ?:0 ? | MIDI_ROUTE type=command_send_wait_reply outPort=1 outName=SY-1000 inPort=1 inName=SY-1000 bytes=15
2026-03-05 17:57:57 [pid:48952] [Qt WARNING] ?:0 ? | MIDI_ROUTE type=command_send_wait_reply outPort=1 outName=SY-1000 inPort=1 inName=SY-1000 bytes=15
2026-03-05 17:57:57 [pid:48952] [Qt WARNING] ?:0 ? | MIDI_ROUTE type=send only outPort=1 outName=SY-1000 inPort=1 inName=SY-1000 bytes=18
2026-03-05 17:57:57 [pid:48952] [Qt WARNING] ?:0 ? | MIDI_ROUTE type=command_send_wait_reply outPort=1 outName=SY-1000 inPort=1 inName=SY-1000 bytes=15
2026-03-05 17:57:57 [pid:48952] [Qt WARNING] ?:0 ? | MIDI_ROUTE type=send only outPort=1 outName=SY-1000 inPort=1 inName=SY-1000 bytes=18
2026-03-05 17:57:57 [pid:48952] [Qt WARNING] ?:0 ? | MIDI_ROUTE type=command_send_wait_reply outPort=1 outName=SY-1000 inPort=1 inName=SY-1000 bytes=15
2026-03-05 17:58:00 [pid:48952] [Qt WARNING] ?:0 ? | MIDI_ROUTE type=command_send_wait_reply outPort=1 outName=SY-1000 inPort=1 inName=SY-1000 bytes=15
2026-03-05 17:58:00 [pid:48952] [Qt WARNING] ?:0 ? | MIDI_ROUTE type=patch outPort=1 outName=SY-1000 inPort=1 inName=SY-1000 bytes=18
2026-03-05 17:58:00 [pid:48952] [Qt WARNING] ?:0 ? | MIDI_ROUTE type=command_send_wait_reply outPort=1 outName=SY-1000 inPort=1 inName=SY-1000 bytes=15
2026-03-05 17:58:00 [pid:48952] [Qt WARNING] ?:0 ? | MIDI_ROUTE type=command_send_wait_reply outPort=1 outName=SY-1000 inPort=1 inName=SY-1000 bytes=15
2026-03-05 17:58:00 [pid:48952] [Qt WARNING] ?:0 ? | MIDI_ROUTE type=send only outPort=1 outName=SY-1000 inPort=1 inName=SY-1000 bytes=0
2026-03-05 17:58:00 [pid:48952] [Qt WARNING] ?:0 ? | MIDI_ROUTE type=send only outPort=1 outName=SY-1000 inPort=1 inName=SY-1000 bytes=0
2026-03-05 17:58:00 [pid:48952] [Qt WARNING] ?:0 ? | MIDI_ROUTE type=command_send_wait_reply outPort=1 outName=SY-1000 inPort=1 inName=SY-1000 bytes=15
2026-03-05 17:58:00 [pid:48952] [Qt WARNING] ?:0 ? | MIDI_ROUTE type=send only outPort=1 outName=SY-1000 inPort=1 inName=SY-1000 bytes=18
2026-03-05 17:58:00 [pid:48952] [Qt WARNING] ?:0 ? | MIDI_ROUTE type=send only outPort=1 outName=SY-1000 inPort=1 inName=SY-1000 bytes=18
2026-03-05 18:04:19 [pid:48952] !!!!!!!!!!!!!!!!!!!!!!!!!!!!!!!!!!!!
2026-03-05 18:04:19 [pid:48952] !!! CRASH DETECTED !!!
2026-03-05 18:04:19 [pid:48952] UNKNOWN SIGNAL
2026-03-05 18:04:19 [pid:48952] Stack trace (most recent call last):
0   SY-1000FloorBoard                   0x00000001009034d4 main + 21040
1   libsystem_platform.dylib            0x00000001987ad764 _sigtramp + 56
2   libsystem_kernel.dylib              0x0000000198773028 mach_msg2_internal + 76
3   libsystem_kernel.dylib              0x000000019876998c mach_msg_overwrite + 484
4   libsystem_kernel.dylib              0x0000000198760fb4 mach_msg + 24
5   CoreFoundation                      0x0000000198842bb0 __CFRunLoopServiceMachPort + 160
6   CoreFoundation                      0x0000000198841508 __CFRunLoopRun + 1188
7   CoreFoundation                      0x00000001988fbf3c _CFRunLoopRunSpecificWithOptions + 532
8   HIToolbox                           0x00000001a537d790 RunCurrentEventLoopInMode + 316
9   HIToolbox                           0x00000001a5380ab8 ReceiveNextEventCommon + 488
10  HIToolbox                           0x00000001a550ab64 _BlockUntilNextEventMatchingListInMode + 48
11  AppKit                              0x000000019d15d014 _DPSBlockUntilNextEventMatchingListInMode + 236
12  AppKit                              0x000000019cc5ae48 _DPSNextEvent + 588
13  AppKit                              0x000000019d721e8c -[NSApplication(NSEventRouting) _nextEventMatchingEventMask:untilDate:inMode:dequeue:] + 688
14  AppKit                              0x000000019d721b98 -[NSApplication(NSEventRouting) nextEventMatchingMask:untilDate:inMode:dequeue:] + 72
15  AppKit                              0x000000019cc53780 -[NSApplication run] + 368
16  libqcocoa.dylib                     0x00000001025e5a4c qt_plugin_instance + 200012
17  QtCore                              0x0000000102f1ac78 _ZN10QEventLoop4execE6QFlagsINS_17ProcessEventsFlagEE + 528
18  QtCore                              0x0000000102f1ef24 _ZN16QCoreApplication4execEv + 204
19  SY-1000FloorBoard                   0x00000001009023ac main + 16648
20  dyld                                0x00000001983d9d54 start + 7184

2026-03-05 18:04:19 [pid:48952] !!!!!!!!!!!!!!!!!!!!!!!!!!!!!!!!!!!!
