2026-03-05 17:15:10 =======================================================
2026-03-05 17:15:10   SY-1000FloorBoard Startup Log
2026-03-05 17:15:10   Version: 2026.03.05
2026-03-05 17:15:10 =======================================================
2026-03-05 17:15:10 STEP 0: Crash log initialised.
2026-03-05 17:15:10 LAUNCH CONTEXT: pid=93642 cwd=/
2026-03-05 17:15:10 STEP 0b: Signal handlers and Qt message handler installed.
2026-03-05 17:15:10 STEP 1: About to construct QApplication...
2026-03-05 17:15:10 STEP 2: QApplication constructed OK.
2026-03-05 17:15:10 STEP 3: App name/org set.
2026-03-05 17:15:10 STEP 4: About to load Preferences...
2026-03-05 17:15:10 STEP 5: Preferences loaded.
2026-03-05 17:15:10 STEP 6: Setting Qt style: Fusion
2026-03-05 17:15:10 STEP 6b: Qt style applied.
2026-03-05 17:15:10 STEP 7: scale=1.07  font=1.07  screen=1728x1084
2026-03-05 17:15:10 STEP 8: SysxIO initialised.
2026-03-05 17:15:10 STEP 9: Loading splash image...
2026-03-05 17:15:10 STEP 17: Event loop exited (code 0). Clean shutdown.
2026-03-05 17:15:11 STEP 10: Splash shown.
2026-03-05 17:15:11 STEP 11: Constructing mainWindow...
2026-03-05 17:15:11 [Qt WARNING] ?:0 ? | MW-A: setFixedSize ratio=1.07
2026-03-05 17:15:11 [Qt WARNING] ?:0 ? | MW-B: constructing floorBoard...
2026-03-05 17:15:11 STEP EXIT: atexit() reached.
2026-03-05 17:15:12 [Qt WARNING] ?:0 ? | MW-C: floorBoard constructed OK
2026-03-05 17:15:12 [Qt WARNING] ?:0 ? | MW-D: loading stylesheet colour=1 path=:/qss/black.qss
2026-03-05 17:15:14 [Qt WARNING] ?:0 ? | MW-E: stylesheet applied
2026-03-05 17:15:14 [Qt WARNING] ?:0 ? | MW-F: createActions...
2026-03-05 17:15:14 [Qt WARNING] ?:0 ? | MW-G: createMenus...
2026-03-05 17:15:14 [Qt WARNING] ?:0 ? | MW-H: createStatusBar...
2026-03-05 17:15:14 [Qt WARNING] ?:0 ? | MW-I: setCentralWidget...
2026-03-05 17:15:14 [Qt WARNING] ?:0 ? | MW-J: SysxIO connect...
2026-03-05 17:15:14 [Qt WARNING] ?:0 ? | MW-K: mainWindow constructor complete
2026-03-05 17:15:14 STEP 12: mainWindow constructed OK.
2026-03-05 17:15:14 STEP 13: Loading MIDI map...
2026-03-05 17:15:15 STEP 14: MIDI map loaded.
2026-03-05 17:15:15 STEP 15: Window geometry set.
2026-03-05 17:15:15 STEP 16: Window shown. Entering event loop...
2026-03-05 17:15:24 [Qt CRITICAL] ?:0 ? | AUTOMODE_RESTART blocked: loop prevention active current=guitar required=bass replyBytes=0 sequence=0
2026-03-05 17:16:18 [Qt WARNING] ?:0 ? | QWidget::repaint: Recursive repaint detected
2026-03-05 17:19:11 !!!!!!!!!!!!!!!!!!!!!!!!!!!!!!!!!!!!
2026-03-05 17:19:11 !!! CRASH DETECTED !!!
2026-03-05 17:19:11 UNKNOWN SIGNAL
2026-03-05 17:19:11 Stack trace (most recent call last):
0   SY-1000FloorBoard                   0x0000000102dd34a0 main + 20988
1   libsystem_platform.dylib            0x00000001987ad764 _sigtramp + 56
2   libsystem_kernel.dylib              0x0000000198773028 mach_msg2_internal + 76
3   libsystem_kernel.dylib              0x000000019876998c mach_msg_overwrite + 484
4   libsystem_kernel.dylib              0x0000000198760fb4 mach_msg + 24
5   CoreFoundation                      0x0000000198842bb0 __CFRunLoopServiceMachPort + 160
6   CoreFoundation                      0x0000000198841508 __CFRunLoopRun + 1188
7   CoreFoundation                      0x00000001988fbf3c _CFRunLoopRunSpecificWithOptions + 532
8   HIToolbox                           0x00000001a537d790 RunCurrentEventLoopInMode + 316
9   HIToolbox                           0x00000001a5380ab8 ReceiveNextEventCommon + 488
10  HIToolbox                           0x00000001a550ab64 _BlockUntilNextEventMatchingListInMode + 48
11  AppKit                              0x000000019d15d014 _DPSBlockUntilNextEventMatchingListInMode + 236
12  AppKit                              0x000000019cc5ae48 _DPSNextEvent + 588
13  AppKit                              0x000000019d721e8c -[NSApplication(NSEventRouting) _nextEventMatchingEventMask:untilDate:inMode:dequeue:] + 688
14  AppKit                              0x000000019d721b98 -[NSApplication(NSEventRouting) nextEventMatchingMask:untilDate:inMode:dequeue:] + 72
15  AppKit                              0x000000019cc53780 -[NSApplication run] + 368
16  libqcocoa.dylib                     0x0000000104a11a4c qt_plugin_instance + 200012
17  QtCore                              0x0000000105346c78 _ZN10QEventLoop4execE6QFlagsINS_17ProcessEventsFlagEE + 528
18  QtCore                              0x000000010534af24 _ZN16QCoreApplication4execEv + 204
19  SY-1000FloorBoard                   0x0000000102dd23ac main + 16648
20  dyld                                0x00000001983d9d54 start + 7184

2026-03-05 17:19:11 !!!!!!!!!!!!!!!!!!!!!!!!!!!!!!!!!!!!
