2026-03-05 17:19:15 [pid:2586] =======================================================
2026-03-05 17:19:15 [pid:2586]   SY-1000FloorBoard Startup Log
2026-03-05 17:19:15 [pid:2586]   Version: 2026.03.05
2026-03-05 17:19:15 [pid:2586] =======================================================
2026-03-05 17:19:15 [pid:2586] STEP 0: Crash log initialised.
2026-03-05 17:19:15 [pid:2586] LAUNCH CONTEXT: pid=2586 cwd=/
2026-03-05 17:19:15 [pid:2586] STEP 0b: Signal handlers and Qt message handler installed.
2026-03-05 17:19:15 [pid:2586] STEP 1: About to construct QApplication...
2026-03-05 17:19:15 [pid:2586] STEP 2: QApplication constructed OK.
2026-03-05 17:19:15 [pid:2586] STEP 3: App name/org set.
2026-03-05 17:19:15 [pid:2586] STEP 4: About to load Preferences...
2026-03-05 17:19:15 [pid:2586] STEP 5: Preferences loaded.
2026-03-05 17:19:15 [pid:2586] STEP 6: Setting Qt style: Fusion
2026-03-05 17:19:15 [pid:2586] STEP 6b: Qt style applied.
2026-03-05 17:19:15 [pid:2586] STEP 7: scale=1.07  font=1.07  screen=1728x1084
2026-03-05 17:19:15 [pid:2586] STEP 8: SysxIO initialised.
2026-03-05 17:19:15 [pid:2586] STEP 9: Loading splash image...
2026-03-05 17:19:15 [pid:2586] STEP 10: Splash shown.
2026-03-05 17:19:15 [pid:2586] STEP 11: Constructing mainWindow...
2026-03-05 17:19:15 [pid:2586] [Qt WARNING] ?:0 ? | MW-A: setFixedSize ratio=1.07
2026-03-05 17:19:15 [pid:2586] [Qt WARNING] ?:0 ? | MW-B: constructing floorBoard...
2026-03-05 17:19:17 [pid:2586] [Qt WARNING] ?:0 ? | MW-C: floorBoard constructed OK
2026-03-05 17:19:17 [pid:2586] [Qt WARNING] ?:0 ? | MW-D: loading stylesheet colour=1 path=:/qss/black.qss
2026-03-05 17:19:18 [pid:2586] [Qt WARNING] ?:0 ? | MW-E: stylesheet applied
2026-03-05 17:19:18 [pid:2586] [Qt WARNING] ?:0 ? | MW-F: createActions...
2026-03-05 17:19:18 [pid:2586] [Qt WARNING] ?:0 ? | MW-G: createMenus...
2026-03-05 17:19:18 [pid:2586] [Qt WARNING] ?:0 ? | MW-H: createStatusBar...
2026-03-05 17:19:18 [pid:2586] [Qt WARNING] ?:0 ? | MW-I: setCentralWidget...
2026-03-05 17:19:18 [pid:2586] [Qt WARNING] ?:0 ? | MW-J: SysxIO connect...
2026-03-05 17:19:18 [pid:2586] [Qt WARNING] ?:0 ? | MW-K: mainWindow constructor complete
2026-03-05 17:19:18 [pid:2586] STEP 12: mainWindow constructed OK.
2026-03-05 17:19:19 [pid:2586] STEP 13: Loading MIDI map...
2026-03-05 17:19:19 [pid:2586] STEP 14: MIDI map loaded.
2026-03-05 17:19:19 [pid:2586] STEP 15: Window geometry set.
2026-03-05 17:19:20 [pid:2586] STEP 16: Window shown. Entering event loop...
2026-03-05 17:19:23 [pid:2586] !!!!!!!!!!!!!!!!!!!!!!!!!!!!!!!!!!!!
2026-03-05 17:19:23 [pid:2586] !!! CRASH DETECTED !!!
2026-03-05 17:19:23 [pid:2586] SIGBUS   (Bus Error — misaligned memory access)
2026-03-05 17:19:23 [pid:2586] Stack trace (most recent call last):
0   SY-1000FloorBoard                   0x00000001022134d4 main + 21040
1   libsystem_platform.dylib            0x00000001987ad764 _sigtramp + 56
2   SY-1000FloorBoard                   0x00000001026bac58 _ZN9MidiTable8getValueE7QStringS0_S0_S0_S0_ + 1580
3   SY-1000FloorBoard                   0x00000001026bac58 _ZN9MidiTable8getValueE7QStringS0_S0_S0_S0_ + 1580
4   SY-1000FloorBoard                   0x0000000102264d44 _ZN19customControlTarget18dialogUpdateSignalEv + 2848
5   QtCore                              0x0000000104704c74 _ZN11QMetaObject8activateEP7QObjectPKS_iPPv + 3536
6   QtCore                              0x0000000104704c74 _ZN11QMetaObject8activateEP7QObjectPKS_iPPv + 3536
7   QtCore                              0x0000000104704c74 _ZN11QMetaObject8activateEP7QObjectPKS_iPPv + 3536
8   QtCore                              0x0000000104704c74 _ZN11QMetaObject8activateEP7QObjectPKS_iPPv + 3536
9   QtCore                              0x0000000104704c74 _ZN11QMetaObject8activateEP7QObjectPKS_iPPv + 3536
10  QtCore                              0x00000001047d4318 _ZN9QMetaType8typeInfoEi + 7008
11  QtCore                              0x00000001046fda58 _ZN7QObject5eventEP6QEvent + 640
12  QtWidgets                           0x0000000103f8bd34 _ZN19QApplicationPrivate13notify_helperEP7QObjectP6QEvent + 292
13  QtWidgets                           0x0000000103f8d1a8 _ZN12QApplication6notifyEP7QObjectP6QEvent + 464
14  QtCore                              0x00000001046d67c0 _ZN16QCoreApplication15notifyInternal2EP7QObjectP6QEvent + 200
15  QtCore                              0x00000001047379b4 _ZN14QTimerInfoList14activateTimersEv + 936
16  libqcocoa.dylib                     0x0000000109a690d4 qt_plugin_instance + 197588
17  CoreFoundation                      0x0000000198842a08 __CFRUNLOOP_IS_CALLING_OUT_TO_A_SOURCE0_PERFORM_FUNCTION__ + 28
18  CoreFoundation                      0x000000019884299c __CFRunLoopDoSource0 + 172
19  CoreFoundation                      0x0000000198842708 __CFRunLoopDoSources0 + 232
20  CoreFoundation                      0x0000000198841398 __CFRunLoopRun + 820
21  CoreFoundation                      0x00000001988fbf3c _CFRunLoopRunSpecificWithOptions + 532
22  HIToolbox                           0x00000001a537d790 RunCurrentEventLoopInMode + 316
23  HIToolbox                           0x00000001a5380ab8 ReceiveNextEventCommon + 488
24  HIToolbox                           0x00000001a550ab64 _BlockUntilNextEventMatchingListInMode + 48
25  AppKit                              0x000000019d15d014 _DPSBlockUntilNextEventMatchingListInMode + 236
26  AppKit                              0x000000019cc5ae48 _DPSNextEvent + 588
27  AppKit                              0x000000019d721e8c -[NSApplication(NSEventRouting) _nextEventMatchingEventMask:untilDate:inMode:dequeue:] + 688
28  AppKit                              0x000000019d721b98 -[NSApplication(NSEventRouting) nextEventMatchingMask:untilDate:inMode:dequeue:] + 72
29  AppKit                              0x000000019cc53780 -[NSApplication run] + 368
30  libqcocoa.dylib                     0x0000000109a69a4c qt_plugin_instance + 200012
31  QtCore                              0x00000001046d2c78 _ZN10QEventLoop4execE6QFlagsINS_17ProcessEventsFlagEE + 528
32  QtCore                              0x00000001046d6f24 _ZN16QCoreApplication4execEv + 204
33  SY-1000FloorBoard                   0x00000001022123ac main + 16648
34  dyld                                0x00000001983d9d54 start + 7184

2026-03-05 17:19:23 [pid:2586] !!!!!!!!!!!!!!!!!!!!!!!!!!!!!!!!!!!!
